2 3 7 9 10 11 12 13 14 15 16 17 18 19 20 21 22 23 24 25 26 27 28 29 30 31 32 33 34 35 36 37 38 39 40 41 42 43 44 45 46 47 48 49 50 51 52 53 54 55 56 57 58 59 60 61 62 63 64 65 66 67 68 69 70 71 72 73 74 75 76 77 78 79 80 81 82 83 84 85 86 87 88 89 90 91 92 93 94 95 96 97 98 99 100 101 102 103 104 105 106 107 108 109 110 111 112 113 114 115 116 117 118 119 120 121 122 123 124 125 126 127 128
Running global fitting for rg_id: 2
Traceback (most recent call last):
  File "/projects/b1044/Computational_Output/EKC/EKC.01_SHAPE_standardization/EKC.01.061.analyze_fit_distributions/fitting_module_v2_ACglobal/timecourse_fitting.py", line 3, in <module>
    import lmfit
ModuleNotFoundError: No module named 'lmfit'

real	0m4.952s
user	0m0.781s
sys	0m0.556s
Running global fitting for rg_id: 3
Traceback (most recent call last):
  File "/projects/b1044/Computational_Output/EKC/EKC.01_SHAPE_standardization/EKC.01.061.analyze_fit_distributions/fitting_module_v2_ACglobal/timecourse_fitting.py", line 3, in <module>
    import lmfit
ModuleNotFoundError: No module named 'lmfit'

real	0m0.134s
user	0m0.198s
sys	0m0.154s
Running global fitting for rg_id: 7
Traceback (most recent call last):
  File "/projects/b1044/Computational_Output/EKC/EKC.01_SHAPE_standardization/EKC.01.061.analyze_fit_distributions/fitting_module_v2_ACglobal/timecourse_fitting.py", line 3, in <module>
    import lmfit
ModuleNotFoundError: No module named 'lmfit'

real	0m0.117s
user	0m0.186s
sys	0m0.138s
Running global fitting for rg_id: 9
Traceback (most recent call last):
  File "/projects/b1044/Computational_Output/EKC/EKC.01_SHAPE_standardization/EKC.01.061.analyze_fit_distributions/fitting_module_v2_ACglobal/timecourse_fitting.py", line 3, in <module>
    import lmfit
ModuleNotFoundError: No module named 'lmfit'

real	0m0.115s
user	0m0.211s
sys	0m0.117s
Running global fitting for rg_id: 10
Traceback (most recent call last):
  File "/projects/b1044/Computational_Output/EKC/EKC.01_SHAPE_standardization/EKC.01.061.analyze_fit_distributions/fitting_module_v2_ACglobal/timecourse_fitting.py", line 3, in <module>
    import lmfit
ModuleNotFoundError: No module named 'lmfit'

real	0m0.113s
user	0m0.197s
sys	0m0.120s
Running global fitting for rg_id: 11
Traceback (most recent call last):
  File "/projects/b1044/Computational_Output/EKC/EKC.01_SHAPE_standardization/EKC.01.061.analyze_fit_distributions/fitting_module_v2_ACglobal/timecourse_fitting.py", line 3, in <module>
    import lmfit
ModuleNotFoundError: No module named 'lmfit'

real	0m0.114s
user	0m0.198s
sys	0m0.126s
Running global fitting for rg_id: 12
Traceback (most recent call last):
  File "/projects/b1044/Computational_Output/EKC/EKC.01_SHAPE_standardization/EKC.01.061.analyze_fit_distributions/fitting_module_v2_ACglobal/timecourse_fitting.py", line 3, in <module>
    import lmfit
ModuleNotFoundError: No module named 'lmfit'

real	0m0.116s
user	0m0.196s
sys	0m0.128s
Running global fitting for rg_id: 13
Traceback (most recent call last):
  File "/projects/b1044/Computational_Output/EKC/EKC.01_SHAPE_standardization/EKC.01.061.analyze_fit_distributions/fitting_module_v2_ACglobal/timecourse_fitting.py", line 3, in <module>
    import lmfit
ModuleNotFoundError: No module named 'lmfit'

real	0m0.116s
user	0m0.179s
sys	0m0.141s
Running global fitting for rg_id: 14
Traceback (most recent call last):
  File "/projects/b1044/Computational_Output/EKC/EKC.01_SHAPE_standardization/EKC.01.061.analyze_fit_distributions/fitting_module_v2_ACglobal/timecourse_fitting.py", line 3, in <module>
    import lmfit
ModuleNotFoundError: No module named 'lmfit'

real	0m0.115s
user	0m0.207s
sys	0m0.113s
Running global fitting for rg_id: 15
Traceback (most recent call last):
  File "/projects/b1044/Computational_Output/EKC/EKC.01_SHAPE_standardization/EKC.01.061.analyze_fit_distributions/fitting_module_v2_ACglobal/timecourse_fitting.py", line 3, in <module>
    import lmfit
ModuleNotFoundError: No module named 'lmfit'

real	0m0.117s
user	0m0.176s
sys	0m0.147s
Running global fitting for rg_id: 16
Traceback (most recent call last):
  File "/projects/b1044/Computational_Output/EKC/EKC.01_SHAPE_standardization/EKC.01.061.analyze_fit_distributions/fitting_module_v2_ACglobal/timecourse_fitting.py", line 3, in <module>
    import lmfit
ModuleNotFoundError: No module named 'lmfit'

real	0m0.121s
user	0m0.179s
sys	0m0.154s
Running global fitting for rg_id: 17
Traceback (most recent call last):
  File "/projects/b1044/Computational_Output/EKC/EKC.01_SHAPE_standardization/EKC.01.061.analyze_fit_distributions/fitting_module_v2_ACglobal/timecourse_fitting.py", line 3, in <module>
    import lmfit
ModuleNotFoundError: No module named 'lmfit'

real	0m0.115s
user	0m0.214s
sys	0m0.113s
Running global fitting for rg_id: 18
Traceback (most recent call last):
  File "/projects/b1044/Computational_Output/EKC/EKC.01_SHAPE_standardization/EKC.01.061.analyze_fit_distributions/fitting_module_v2_ACglobal/timecourse_fitting.py", line 3, in <module>
    import lmfit
ModuleNotFoundError: No module named 'lmfit'

real	0m0.116s
user	0m0.185s
sys	0m0.141s
Running global fitting for rg_id: 19
Traceback (most recent call last):
  File "/projects/b1044/Computational_Output/EKC/EKC.01_SHAPE_standardization/EKC.01.061.analyze_fit_distributions/fitting_module_v2_ACglobal/timecourse_fitting.py", line 3, in <module>
    import lmfit
ModuleNotFoundError: No module named 'lmfit'

real	0m0.115s
user	0m0.190s
sys	0m0.131s
Running global fitting for rg_id: 20
Traceback (most recent call last):
  File "/projects/b1044/Computational_Output/EKC/EKC.01_SHAPE_standardization/EKC.01.061.analyze_fit_distributions/fitting_module_v2_ACglobal/timecourse_fitting.py", line 3, in <module>
    import lmfit
ModuleNotFoundError: No module named 'lmfit'

real	0m0.117s
user	0m0.199s
sys	0m0.128s
Running global fitting for rg_id: 21
Traceback (most recent call last):
  File "/projects/b1044/Computational_Output/EKC/EKC.01_SHAPE_standardization/EKC.01.061.analyze_fit_distributions/fitting_module_v2_ACglobal/timecourse_fitting.py", line 3, in <module>
    import lmfit
ModuleNotFoundError: No module named 'lmfit'

real	0m0.115s
user	0m0.183s
sys	0m0.137s
Running global fitting for rg_id: 22
Traceback (most recent call last):
  File "/projects/b1044/Computational_Output/EKC/EKC.01_SHAPE_standardization/EKC.01.061.analyze_fit_distributions/fitting_module_v2_ACglobal/timecourse_fitting.py", line 3, in <module>
    import lmfit
ModuleNotFoundError: No module named 'lmfit'

real	0m0.114s
user	0m0.199s
sys	0m0.122s
Running global fitting for rg_id: 23
Traceback (most recent call last):
  File "/projects/b1044/Computational_Output/EKC/EKC.01_SHAPE_standardization/EKC.01.061.analyze_fit_distributions/fitting_module_v2_ACglobal/timecourse_fitting.py", line 3, in <module>
    import lmfit
ModuleNotFoundError: No module named 'lmfit'

real	0m0.116s
user	0m0.185s
sys	0m0.140s
Running global fitting for rg_id: 24
Traceback (most recent call last):
  File "/projects/b1044/Computational_Output/EKC/EKC.01_SHAPE_standardization/EKC.01.061.analyze_fit_distributions/fitting_module_v2_ACglobal/timecourse_fitting.py", line 3, in <module>
    import lmfit
ModuleNotFoundError: No module named 'lmfit'

real	0m0.114s
user	0m0.192s
sys	0m0.128s
Running global fitting for rg_id: 25
Traceback (most recent call last):
  File "/projects/b1044/Computational_Output/EKC/EKC.01_SHAPE_standardization/EKC.01.061.analyze_fit_distributions/fitting_module_v2_ACglobal/timecourse_fitting.py", line 3, in <module>
    import lmfit
ModuleNotFoundError: No module named 'lmfit'

real	0m0.114s
user	0m0.193s
sys	0m0.129s
Running global fitting for rg_id: 26
Traceback (most recent call last):
  File "/projects/b1044/Computational_Output/EKC/EKC.01_SHAPE_standardization/EKC.01.061.analyze_fit_distributions/fitting_module_v2_ACglobal/timecourse_fitting.py", line 3, in <module>
    import lmfit
ModuleNotFoundError: No module named 'lmfit'

real	0m0.114s
user	0m0.209s
sys	0m0.112s
Running global fitting for rg_id: 27
Traceback (most recent call last):
  File "/projects/b1044/Computational_Output/EKC/EKC.01_SHAPE_standardization/EKC.01.061.analyze_fit_distributions/fitting_module_v2_ACglobal/timecourse_fitting.py", line 3, in <module>
    import lmfit
ModuleNotFoundError: No module named 'lmfit'

real	0m0.115s
user	0m0.189s
sys	0m0.131s
Running global fitting for rg_id: 28
Traceback (most recent call last):
  File "/projects/b1044/Computational_Output/EKC/EKC.01_SHAPE_standardization/EKC.01.061.analyze_fit_distributions/fitting_module_v2_ACglobal/timecourse_fitting.py", line 3, in <module>
    import lmfit
ModuleNotFoundError: No module named 'lmfit'

real	0m0.114s
user	0m0.187s
sys	0m0.132s
Running global fitting for rg_id: 29
Traceback (most recent call last):
  File "/projects/b1044/Computational_Output/EKC/EKC.01_SHAPE_standardization/EKC.01.061.analyze_fit_distributions/fitting_module_v2_ACglobal/timecourse_fitting.py", line 3, in <module>
    import lmfit
ModuleNotFoundError: No module named 'lmfit'

real	0m0.114s
user	0m0.191s
sys	0m0.135s
Running global fitting for rg_id: 30
Traceback (most recent call last):
  File "/projects/b1044/Computational_Output/EKC/EKC.01_SHAPE_standardization/EKC.01.061.analyze_fit_distributions/fitting_module_v2_ACglobal/timecourse_fitting.py", line 3, in <module>
    import lmfit
ModuleNotFoundError: No module named 'lmfit'

real	0m0.114s
user	0m0.190s
sys	0m0.131s
Running global fitting for rg_id: 31
Traceback (most recent call last):
  File "/projects/b1044/Computational_Output/EKC/EKC.01_SHAPE_standardization/EKC.01.061.analyze_fit_distributions/fitting_module_v2_ACglobal/timecourse_fitting.py", line 3, in <module>
    import lmfit
ModuleNotFoundError: No module named 'lmfit'

real	0m0.115s
user	0m0.215s
sys	0m0.108s
Running global fitting for rg_id: 32
Traceback (most recent call last):
  File "/projects/b1044/Computational_Output/EKC/EKC.01_SHAPE_standardization/EKC.01.061.analyze_fit_distributions/fitting_module_v2_ACglobal/timecourse_fitting.py", line 3, in <module>
    import lmfit
ModuleNotFoundError: No module named 'lmfit'

real	0m0.116s
user	0m0.195s
sys	0m0.126s
Running global fitting for rg_id: 33
Traceback (most recent call last):
  File "/projects/b1044/Computational_Output/EKC/EKC.01_SHAPE_standardization/EKC.01.061.analyze_fit_distributions/fitting_module_v2_ACglobal/timecourse_fitting.py", line 3, in <module>
    import lmfit
ModuleNotFoundError: No module named 'lmfit'

real	0m0.114s
user	0m0.191s
sys	0m0.126s
Running global fitting for rg_id: 34
Traceback (most recent call last):
  File "/projects/b1044/Computational_Output/EKC/EKC.01_SHAPE_standardization/EKC.01.061.analyze_fit_distributions/fitting_module_v2_ACglobal/timecourse_fitting.py", line 3, in <module>
    import lmfit
ModuleNotFoundError: No module named 'lmfit'

real	0m0.117s
user	0m0.207s
sys	0m0.121s
Running global fitting for rg_id: 35
Traceback (most recent call last):
  File "/projects/b1044/Computational_Output/EKC/EKC.01_SHAPE_standardization/EKC.01.061.analyze_fit_distributions/fitting_module_v2_ACglobal/timecourse_fitting.py", line 3, in <module>
    import lmfit
ModuleNotFoundError: No module named 'lmfit'

real	0m0.137s
user	0m0.234s
sys	0m0.136s
Running global fitting for rg_id: 36
Traceback (most recent call last):
  File "/projects/b1044/Computational_Output/EKC/EKC.01_SHAPE_standardization/EKC.01.061.analyze_fit_distributions/fitting_module_v2_ACglobal/timecourse_fitting.py", line 3, in <module>
    import lmfit
ModuleNotFoundError: No module named 'lmfit'

real	0m0.120s
user	0m0.205s
sys	0m0.124s
Running global fitting for rg_id: 37
Traceback (most recent call last):
  File "/projects/b1044/Computational_Output/EKC/EKC.01_SHAPE_standardization/EKC.01.061.analyze_fit_distributions/fitting_module_v2_ACglobal/timecourse_fitting.py", line 3, in <module>
    import lmfit
ModuleNotFoundError: No module named 'lmfit'

real	0m0.116s
user	0m0.201s
sys	0m0.120s
Running global fitting for rg_id: 38
Traceback (most recent call last):
  File "/projects/b1044/Computational_Output/EKC/EKC.01_SHAPE_standardization/EKC.01.061.analyze_fit_distributions/fitting_module_v2_ACglobal/timecourse_fitting.py", line 3, in <module>
    import lmfit
ModuleNotFoundError: No module named 'lmfit'

real	0m0.115s
user	0m0.189s
sys	0m0.133s
Running global fitting for rg_id: 39
Traceback (most recent call last):
  File "/projects/b1044/Computational_Output/EKC/EKC.01_SHAPE_standardization/EKC.01.061.analyze_fit_distributions/fitting_module_v2_ACglobal/timecourse_fitting.py", line 3, in <module>
    import lmfit
ModuleNotFoundError: No module named 'lmfit'

real	0m0.115s
user	0m0.198s
sys	0m0.124s
Running global fitting for rg_id: 40
Traceback (most recent call last):
  File "/projects/b1044/Computational_Output/EKC/EKC.01_SHAPE_standardization/EKC.01.061.analyze_fit_distributions/fitting_module_v2_ACglobal/timecourse_fitting.py", line 3, in <module>
    import lmfit
ModuleNotFoundError: No module named 'lmfit'

real	0m0.115s
user	0m0.190s
sys	0m0.133s
Running global fitting for rg_id: 41
Traceback (most recent call last):
  File "/projects/b1044/Computational_Output/EKC/EKC.01_SHAPE_standardization/EKC.01.061.analyze_fit_distributions/fitting_module_v2_ACglobal/timecourse_fitting.py", line 3, in <module>
    import lmfit
ModuleNotFoundError: No module named 'lmfit'

real	0m0.114s
user	0m0.181s
sys	0m0.142s
Running global fitting for rg_id: 42
Traceback (most recent call last):
  File "/projects/b1044/Computational_Output/EKC/EKC.01_SHAPE_standardization/EKC.01.061.analyze_fit_distributions/fitting_module_v2_ACglobal/timecourse_fitting.py", line 3, in <module>
    import lmfit
ModuleNotFoundError: No module named 'lmfit'

real	0m0.114s
user	0m0.191s
sys	0m0.132s
Running global fitting for rg_id: 43
Traceback (most recent call last):
  File "/projects/b1044/Computational_Output/EKC/EKC.01_SHAPE_standardization/EKC.01.061.analyze_fit_distributions/fitting_module_v2_ACglobal/timecourse_fitting.py", line 3, in <module>
    import lmfit
ModuleNotFoundError: No module named 'lmfit'

real	0m0.114s
user	0m0.207s
sys	0m0.116s
Running global fitting for rg_id: 44
Traceback (most recent call last):
  File "/projects/b1044/Computational_Output/EKC/EKC.01_SHAPE_standardization/EKC.01.061.analyze_fit_distributions/fitting_module_v2_ACglobal/timecourse_fitting.py", line 3, in <module>
    import lmfit
ModuleNotFoundError: No module named 'lmfit'

real	0m0.116s
user	0m0.200s
sys	0m0.126s
Running global fitting for rg_id: 45
Traceback (most recent call last):
  File "/projects/b1044/Computational_Output/EKC/EKC.01_SHAPE_standardization/EKC.01.061.analyze_fit_distributions/fitting_module_v2_ACglobal/timecourse_fitting.py", line 3, in <module>
    import lmfit
ModuleNotFoundError: No module named 'lmfit'

real	0m0.116s
user	0m0.183s
sys	0m0.143s
Running global fitting for rg_id: 46
Traceback (most recent call last):
  File "/projects/b1044/Computational_Output/EKC/EKC.01_SHAPE_standardization/EKC.01.061.analyze_fit_distributions/fitting_module_v2_ACglobal/timecourse_fitting.py", line 3, in <module>
    import lmfit
ModuleNotFoundError: No module named 'lmfit'

real	0m0.115s
user	0m0.185s
sys	0m0.136s
Running global fitting for rg_id: 47
Traceback (most recent call last):
  File "/projects/b1044/Computational_Output/EKC/EKC.01_SHAPE_standardization/EKC.01.061.analyze_fit_distributions/fitting_module_v2_ACglobal/timecourse_fitting.py", line 3, in <module>
    import lmfit
ModuleNotFoundError: No module named 'lmfit'

real	0m0.113s
user	0m0.178s
sys	0m0.137s
Running global fitting for rg_id: 48
Traceback (most recent call last):
  File "/projects/b1044/Computational_Output/EKC/EKC.01_SHAPE_standardization/EKC.01.061.analyze_fit_distributions/fitting_module_v2_ACglobal/timecourse_fitting.py", line 3, in <module>
    import lmfit
ModuleNotFoundError: No module named 'lmfit'

real	0m0.113s
user	0m0.197s
sys	0m0.120s
Running global fitting for rg_id: 49
Traceback (most recent call last):
  File "/projects/b1044/Computational_Output/EKC/EKC.01_SHAPE_standardization/EKC.01.061.analyze_fit_distributions/fitting_module_v2_ACglobal/timecourse_fitting.py", line 3, in <module>
    import lmfit
ModuleNotFoundError: No module named 'lmfit'

real	0m0.114s
user	0m0.198s
sys	0m0.121s
Running global fitting for rg_id: 50
Traceback (most recent call last):
  File "/projects/b1044/Computational_Output/EKC/EKC.01_SHAPE_standardization/EKC.01.061.analyze_fit_distributions/fitting_module_v2_ACglobal/timecourse_fitting.py", line 3, in <module>
    import lmfit
ModuleNotFoundError: No module named 'lmfit'

real	0m0.115s
user	0m0.184s
sys	0m0.140s
Running global fitting for rg_id: 51
Traceback (most recent call last):
  File "/projects/b1044/Computational_Output/EKC/EKC.01_SHAPE_standardization/EKC.01.061.analyze_fit_distributions/fitting_module_v2_ACglobal/timecourse_fitting.py", line 3, in <module>
    import lmfit
ModuleNotFoundError: No module named 'lmfit'

real	0m0.117s
user	0m0.186s
sys	0m0.141s
Running global fitting for rg_id: 52
Traceback (most recent call last):
  File "/projects/b1044/Computational_Output/EKC/EKC.01_SHAPE_standardization/EKC.01.061.analyze_fit_distributions/fitting_module_v2_ACglobal/timecourse_fitting.py", line 3, in <module>
    import lmfit
ModuleNotFoundError: No module named 'lmfit'

real	0m0.117s
user	0m0.206s
sys	0m0.117s
Running global fitting for rg_id: 53
Traceback (most recent call last):
  File "/projects/b1044/Computational_Output/EKC/EKC.01_SHAPE_standardization/EKC.01.061.analyze_fit_distributions/fitting_module_v2_ACglobal/timecourse_fitting.py", line 3, in <module>
    import lmfit
ModuleNotFoundError: No module named 'lmfit'

real	0m0.114s
user	0m0.189s
sys	0m0.135s
Running global fitting for rg_id: 54
Traceback (most recent call last):
  File "/projects/b1044/Computational_Output/EKC/EKC.01_SHAPE_standardization/EKC.01.061.analyze_fit_distributions/fitting_module_v2_ACglobal/timecourse_fitting.py", line 3, in <module>
    import lmfit
ModuleNotFoundError: No module named 'lmfit'

real	0m0.117s
user	0m0.196s
sys	0m0.127s
Running global fitting for rg_id: 55
Traceback (most recent call last):
  File "/projects/b1044/Computational_Output/EKC/EKC.01_SHAPE_standardization/EKC.01.061.analyze_fit_distributions/fitting_module_v2_ACglobal/timecourse_fitting.py", line 3, in <module>
    import lmfit
ModuleNotFoundError: No module named 'lmfit'

real	0m0.114s
user	0m0.202s
sys	0m0.121s
Running global fitting for rg_id: 56
Traceback (most recent call last):
  File "/projects/b1044/Computational_Output/EKC/EKC.01_SHAPE_standardization/EKC.01.061.analyze_fit_distributions/fitting_module_v2_ACglobal/timecourse_fitting.py", line 3, in <module>
    import lmfit
ModuleNotFoundError: No module named 'lmfit'

real	0m0.117s
user	0m0.184s
sys	0m0.140s
Running global fitting for rg_id: 57
Traceback (most recent call last):
  File "/projects/b1044/Computational_Output/EKC/EKC.01_SHAPE_standardization/EKC.01.061.analyze_fit_distributions/fitting_module_v2_ACglobal/timecourse_fitting.py", line 3, in <module>
    import lmfit
ModuleNotFoundError: No module named 'lmfit'

real	0m0.116s
user	0m0.191s
sys	0m0.133s
Running global fitting for rg_id: 58
Traceback (most recent call last):
  File "/projects/b1044/Computational_Output/EKC/EKC.01_SHAPE_standardization/EKC.01.061.analyze_fit_distributions/fitting_module_v2_ACglobal/timecourse_fitting.py", line 3, in <module>
    import lmfit
ModuleNotFoundError: No module named 'lmfit'

real	0m0.115s
user	0m0.188s
sys	0m0.138s
Running global fitting for rg_id: 59
Traceback (most recent call last):
  File "/projects/b1044/Computational_Output/EKC/EKC.01_SHAPE_standardization/EKC.01.061.analyze_fit_distributions/fitting_module_v2_ACglobal/timecourse_fitting.py", line 3, in <module>
    import lmfit
ModuleNotFoundError: No module named 'lmfit'

real	0m0.119s
user	0m0.197s
sys	0m0.129s
Running global fitting for rg_id: 60
Traceback (most recent call last):
  File "/projects/b1044/Computational_Output/EKC/EKC.01_SHAPE_standardization/EKC.01.061.analyze_fit_distributions/fitting_module_v2_ACglobal/timecourse_fitting.py", line 3, in <module>
    import lmfit
ModuleNotFoundError: No module named 'lmfit'

real	0m0.119s
user	0m0.201s
sys	0m0.134s
Running global fitting for rg_id: 61
Traceback (most recent call last):
  File "/projects/b1044/Computational_Output/EKC/EKC.01_SHAPE_standardization/EKC.01.061.analyze_fit_distributions/fitting_module_v2_ACglobal/timecourse_fitting.py", line 3, in <module>
    import lmfit
ModuleNotFoundError: No module named 'lmfit'

real	0m0.113s
user	0m0.203s
sys	0m0.120s
Running global fitting for rg_id: 62
Traceback (most recent call last):
  File "/projects/b1044/Computational_Output/EKC/EKC.01_SHAPE_standardization/EKC.01.061.analyze_fit_distributions/fitting_module_v2_ACglobal/timecourse_fitting.py", line 3, in <module>
    import lmfit
ModuleNotFoundError: No module named 'lmfit'

real	0m0.115s
user	0m0.185s
sys	0m0.139s
Running global fitting for rg_id: 63
Traceback (most recent call last):
  File "/projects/b1044/Computational_Output/EKC/EKC.01_SHAPE_standardization/EKC.01.061.analyze_fit_distributions/fitting_module_v2_ACglobal/timecourse_fitting.py", line 3, in <module>
    import lmfit
ModuleNotFoundError: No module named 'lmfit'

real	0m0.116s
user	0m0.194s
sys	0m0.131s
Running global fitting for rg_id: 64
Traceback (most recent call last):
  File "/projects/b1044/Computational_Output/EKC/EKC.01_SHAPE_standardization/EKC.01.061.analyze_fit_distributions/fitting_module_v2_ACglobal/timecourse_fitting.py", line 3, in <module>
    import lmfit
ModuleNotFoundError: No module named 'lmfit'

real	0m0.115s
user	0m0.193s
sys	0m0.128s
Running global fitting for rg_id: 65
Traceback (most recent call last):
  File "/projects/b1044/Computational_Output/EKC/EKC.01_SHAPE_standardization/EKC.01.061.analyze_fit_distributions/fitting_module_v2_ACglobal/timecourse_fitting.py", line 3, in <module>
    import lmfit
ModuleNotFoundError: No module named 'lmfit'

real	0m0.115s
user	0m0.187s
sys	0m0.140s
Running global fitting for rg_id: 66
Traceback (most recent call last):
  File "/projects/b1044/Computational_Output/EKC/EKC.01_SHAPE_standardization/EKC.01.061.analyze_fit_distributions/fitting_module_v2_ACglobal/timecourse_fitting.py", line 3, in <module>
    import lmfit
ModuleNotFoundError: No module named 'lmfit'

real	0m0.113s
user	0m0.191s
sys	0m0.130s
Running global fitting for rg_id: 67
Traceback (most recent call last):
  File "/projects/b1044/Computational_Output/EKC/EKC.01_SHAPE_standardization/EKC.01.061.analyze_fit_distributions/fitting_module_v2_ACglobal/timecourse_fitting.py", line 3, in <module>
    import lmfit
ModuleNotFoundError: No module named 'lmfit'

real	0m0.114s
user	0m0.196s
sys	0m0.129s
Running global fitting for rg_id: 68
Traceback (most recent call last):
  File "/projects/b1044/Computational_Output/EKC/EKC.01_SHAPE_standardization/EKC.01.061.analyze_fit_distributions/fitting_module_v2_ACglobal/timecourse_fitting.py", line 3, in <module>
    import lmfit
ModuleNotFoundError: No module named 'lmfit'

real	0m0.117s
user	0m0.198s
sys	0m0.130s
Running global fitting for rg_id: 69
Traceback (most recent call last):
  File "/projects/b1044/Computational_Output/EKC/EKC.01_SHAPE_standardization/EKC.01.061.analyze_fit_distributions/fitting_module_v2_ACglobal/timecourse_fitting.py", line 3, in <module>
    import lmfit
ModuleNotFoundError: No module named 'lmfit'

real	0m0.116s
user	0m0.212s
sys	0m0.113s
Running global fitting for rg_id: 70
Traceback (most recent call last):
  File "/projects/b1044/Computational_Output/EKC/EKC.01_SHAPE_standardization/EKC.01.061.analyze_fit_distributions/fitting_module_v2_ACglobal/timecourse_fitting.py", line 3, in <module>
    import lmfit
ModuleNotFoundError: No module named 'lmfit'

real	0m0.114s
user	0m0.195s
sys	0m0.126s
Running global fitting for rg_id: 71
Traceback (most recent call last):
  File "/projects/b1044/Computational_Output/EKC/EKC.01_SHAPE_standardization/EKC.01.061.analyze_fit_distributions/fitting_module_v2_ACglobal/timecourse_fitting.py", line 3, in <module>
    import lmfit
ModuleNotFoundError: No module named 'lmfit'

real	0m0.116s
user	0m0.195s
sys	0m0.131s
Running global fitting for rg_id: 72
Traceback (most recent call last):
  File "/projects/b1044/Computational_Output/EKC/EKC.01_SHAPE_standardization/EKC.01.061.analyze_fit_distributions/fitting_module_v2_ACglobal/timecourse_fitting.py", line 3, in <module>
    import lmfit
ModuleNotFoundError: No module named 'lmfit'

real	0m0.112s
user	0m0.179s
sys	0m0.135s
Running global fitting for rg_id: 73
Traceback (most recent call last):
  File "/projects/b1044/Computational_Output/EKC/EKC.01_SHAPE_standardization/EKC.01.061.analyze_fit_distributions/fitting_module_v2_ACglobal/timecourse_fitting.py", line 3, in <module>
    import lmfit
ModuleNotFoundError: No module named 'lmfit'

real	0m0.113s
user	0m0.197s
sys	0m0.119s
Running global fitting for rg_id: 74
Traceback (most recent call last):
  File "/projects/b1044/Computational_Output/EKC/EKC.01_SHAPE_standardization/EKC.01.061.analyze_fit_distributions/fitting_module_v2_ACglobal/timecourse_fitting.py", line 3, in <module>
    import lmfit
ModuleNotFoundError: No module named 'lmfit'

real	0m0.115s
user	0m0.197s
sys	0m0.127s
Running global fitting for rg_id: 75
Traceback (most recent call last):
  File "/projects/b1044/Computational_Output/EKC/EKC.01_SHAPE_standardization/EKC.01.061.analyze_fit_distributions/fitting_module_v2_ACglobal/timecourse_fitting.py", line 3, in <module>
    import lmfit
ModuleNotFoundError: No module named 'lmfit'

real	0m0.113s
user	0m0.199s
sys	0m0.122s
Running global fitting for rg_id: 76
Traceback (most recent call last):
  File "/projects/b1044/Computational_Output/EKC/EKC.01_SHAPE_standardization/EKC.01.061.analyze_fit_distributions/fitting_module_v2_ACglobal/timecourse_fitting.py", line 3, in <module>
    import lmfit
ModuleNotFoundError: No module named 'lmfit'

real	0m0.116s
user	0m0.210s
sys	0m0.117s
Running global fitting for rg_id: 77
Traceback (most recent call last):
  File "/projects/b1044/Computational_Output/EKC/EKC.01_SHAPE_standardization/EKC.01.061.analyze_fit_distributions/fitting_module_v2_ACglobal/timecourse_fitting.py", line 3, in <module>
    import lmfit
ModuleNotFoundError: No module named 'lmfit'

real	0m0.114s
user	0m0.194s
sys	0m0.129s
Running global fitting for rg_id: 78
Traceback (most recent call last):
  File "/projects/b1044/Computational_Output/EKC/EKC.01_SHAPE_standardization/EKC.01.061.analyze_fit_distributions/fitting_module_v2_ACglobal/timecourse_fitting.py", line 3, in <module>
    import lmfit
ModuleNotFoundError: No module named 'lmfit'

real	0m0.115s
user	0m0.186s
sys	0m0.137s
Running global fitting for rg_id: 79
Traceback (most recent call last):
  File "/projects/b1044/Computational_Output/EKC/EKC.01_SHAPE_standardization/EKC.01.061.analyze_fit_distributions/fitting_module_v2_ACglobal/timecourse_fitting.py", line 3, in <module>
    import lmfit
ModuleNotFoundError: No module named 'lmfit'

real	0m0.114s
user	0m0.201s
sys	0m0.121s
Running global fitting for rg_id: 80
Traceback (most recent call last):
  File "/projects/b1044/Computational_Output/EKC/EKC.01_SHAPE_standardization/EKC.01.061.analyze_fit_distributions/fitting_module_v2_ACglobal/timecourse_fitting.py", line 3, in <module>
    import lmfit
ModuleNotFoundError: No module named 'lmfit'

real	0m0.115s
user	0m0.204s
sys	0m0.120s
Running global fitting for rg_id: 81
Traceback (most recent call last):
  File "/projects/b1044/Computational_Output/EKC/EKC.01_SHAPE_standardization/EKC.01.061.analyze_fit_distributions/fitting_module_v2_ACglobal/timecourse_fitting.py", line 3, in <module>
    import lmfit
ModuleNotFoundError: No module named 'lmfit'

real	0m0.117s
user	0m0.194s
sys	0m0.129s
Running global fitting for rg_id: 82
Traceback (most recent call last):
  File "/projects/b1044/Computational_Output/EKC/EKC.01_SHAPE_standardization/EKC.01.061.analyze_fit_distributions/fitting_module_v2_ACglobal/timecourse_fitting.py", line 3, in <module>
    import lmfit
ModuleNotFoundError: No module named 'lmfit'

real	0m0.116s
user	0m0.194s
sys	0m0.129s
Running global fitting for rg_id: 83
Traceback (most recent call last):
  File "/projects/b1044/Computational_Output/EKC/EKC.01_SHAPE_standardization/EKC.01.061.analyze_fit_distributions/fitting_module_v2_ACglobal/timecourse_fitting.py", line 3, in <module>
    import lmfit
ModuleNotFoundError: No module named 'lmfit'

real	0m0.117s
user	0m0.206s
sys	0m0.120s
Running global fitting for rg_id: 84
Traceback (most recent call last):
  File "/projects/b1044/Computational_Output/EKC/EKC.01_SHAPE_standardization/EKC.01.061.analyze_fit_distributions/fitting_module_v2_ACglobal/timecourse_fitting.py", line 3, in <module>
    import lmfit
ModuleNotFoundError: No module named 'lmfit'

real	0m0.116s
user	0m0.192s
sys	0m0.134s
Running global fitting for rg_id: 85
Traceback (most recent call last):
  File "/projects/b1044/Computational_Output/EKC/EKC.01_SHAPE_standardization/EKC.01.061.analyze_fit_distributions/fitting_module_v2_ACglobal/timecourse_fitting.py", line 3, in <module>
    import lmfit
ModuleNotFoundError: No module named 'lmfit'

real	0m0.117s
user	0m0.206s
sys	0m0.123s
Running global fitting for rg_id: 86
Traceback (most recent call last):
  File "/projects/b1044/Computational_Output/EKC/EKC.01_SHAPE_standardization/EKC.01.061.analyze_fit_distributions/fitting_module_v2_ACglobal/timecourse_fitting.py", line 3, in <module>
    import lmfit
ModuleNotFoundError: No module named 'lmfit'

real	0m0.115s
user	0m0.181s
sys	0m0.141s
Running global fitting for rg_id: 87
Traceback (most recent call last):
  File "/projects/b1044/Computational_Output/EKC/EKC.01_SHAPE_standardization/EKC.01.061.analyze_fit_distributions/fitting_module_v2_ACglobal/timecourse_fitting.py", line 3, in <module>
    import lmfit
ModuleNotFoundError: No module named 'lmfit'

real	0m0.115s
user	0m0.207s
sys	0m0.118s
Running global fitting for rg_id: 88
Traceback (most recent call last):
  File "/projects/b1044/Computational_Output/EKC/EKC.01_SHAPE_standardization/EKC.01.061.analyze_fit_distributions/fitting_module_v2_ACglobal/timecourse_fitting.py", line 3, in <module>
    import lmfit
ModuleNotFoundError: No module named 'lmfit'

real	0m0.115s
user	0m0.196s
sys	0m0.126s
Running global fitting for rg_id: 89
Traceback (most recent call last):
  File "/projects/b1044/Computational_Output/EKC/EKC.01_SHAPE_standardization/EKC.01.061.analyze_fit_distributions/fitting_module_v2_ACglobal/timecourse_fitting.py", line 3, in <module>
    import lmfit
ModuleNotFoundError: No module named 'lmfit'

real	0m0.115s
user	0m0.196s
sys	0m0.124s
Running global fitting for rg_id: 90
Traceback (most recent call last):
  File "/projects/b1044/Computational_Output/EKC/EKC.01_SHAPE_standardization/EKC.01.061.analyze_fit_distributions/fitting_module_v2_ACglobal/timecourse_fitting.py", line 3, in <module>
    import lmfit
ModuleNotFoundError: No module named 'lmfit'

real	0m0.115s
user	0m0.195s
sys	0m0.131s
Running global fitting for rg_id: 91
Traceback (most recent call last):
  File "/projects/b1044/Computational_Output/EKC/EKC.01_SHAPE_standardization/EKC.01.061.analyze_fit_distributions/fitting_module_v2_ACglobal/timecourse_fitting.py", line 3, in <module>
    import lmfit
ModuleNotFoundError: No module named 'lmfit'

real	0m0.113s
user	0m0.194s
sys	0m0.124s
Running global fitting for rg_id: 92
Traceback (most recent call last):
  File "/projects/b1044/Computational_Output/EKC/EKC.01_SHAPE_standardization/EKC.01.061.analyze_fit_distributions/fitting_module_v2_ACglobal/timecourse_fitting.py", line 3, in <module>
    import lmfit
ModuleNotFoundError: No module named 'lmfit'

real	0m0.114s
user	0m0.202s
sys	0m0.120s
Running global fitting for rg_id: 93
Traceback (most recent call last):
  File "/projects/b1044/Computational_Output/EKC/EKC.01_SHAPE_standardization/EKC.01.061.analyze_fit_distributions/fitting_module_v2_ACglobal/timecourse_fitting.py", line 3, in <module>
    import lmfit
ModuleNotFoundError: No module named 'lmfit'

real	0m0.112s
user	0m0.196s
sys	0m0.118s
Running global fitting for rg_id: 94
Traceback (most recent call last):
  File "/projects/b1044/Computational_Output/EKC/EKC.01_SHAPE_standardization/EKC.01.061.analyze_fit_distributions/fitting_module_v2_ACglobal/timecourse_fitting.py", line 3, in <module>
    import lmfit
ModuleNotFoundError: No module named 'lmfit'

real	0m0.114s
user	0m0.196s
sys	0m0.127s
Running global fitting for rg_id: 95
Traceback (most recent call last):
  File "/projects/b1044/Computational_Output/EKC/EKC.01_SHAPE_standardization/EKC.01.061.analyze_fit_distributions/fitting_module_v2_ACglobal/timecourse_fitting.py", line 3, in <module>
    import lmfit
ModuleNotFoundError: No module named 'lmfit'

real	0m0.116s
user	0m0.192s
sys	0m0.133s
Running global fitting for rg_id: 96
Traceback (most recent call last):
  File "/projects/b1044/Computational_Output/EKC/EKC.01_SHAPE_standardization/EKC.01.061.analyze_fit_distributions/fitting_module_v2_ACglobal/timecourse_fitting.py", line 3, in <module>
    import lmfit
ModuleNotFoundError: No module named 'lmfit'

real	0m0.115s
user	0m0.188s
sys	0m0.135s
Running global fitting for rg_id: 97
Traceback (most recent call last):
  File "/projects/b1044/Computational_Output/EKC/EKC.01_SHAPE_standardization/EKC.01.061.analyze_fit_distributions/fitting_module_v2_ACglobal/timecourse_fitting.py", line 3, in <module>
    import lmfit
ModuleNotFoundError: No module named 'lmfit'

real	0m0.116s
user	0m0.210s
sys	0m0.115s
Running global fitting for rg_id: 98
Traceback (most recent call last):
  File "/projects/b1044/Computational_Output/EKC/EKC.01_SHAPE_standardization/EKC.01.061.analyze_fit_distributions/fitting_module_v2_ACglobal/timecourse_fitting.py", line 3, in <module>
    import lmfit
ModuleNotFoundError: No module named 'lmfit'

real	0m0.114s
user	0m0.168s
sys	0m0.155s
Running global fitting for rg_id: 99
Traceback (most recent call last):
  File "/projects/b1044/Computational_Output/EKC/EKC.01_SHAPE_standardization/EKC.01.061.analyze_fit_distributions/fitting_module_v2_ACglobal/timecourse_fitting.py", line 3, in <module>
    import lmfit
ModuleNotFoundError: No module named 'lmfit'

real	0m0.115s
user	0m0.203s
sys	0m0.119s
Running global fitting for rg_id: 100
Traceback (most recent call last):
  File "/projects/b1044/Computational_Output/EKC/EKC.01_SHAPE_standardization/EKC.01.061.analyze_fit_distributions/fitting_module_v2_ACglobal/timecourse_fitting.py", line 3, in <module>
    import lmfit
ModuleNotFoundError: No module named 'lmfit'

real	0m0.116s
user	0m0.205s
sys	0m0.116s
Running global fitting for rg_id: 101
Traceback (most recent call last):
  File "/projects/b1044/Computational_Output/EKC/EKC.01_SHAPE_standardization/EKC.01.061.analyze_fit_distributions/fitting_module_v2_ACglobal/timecourse_fitting.py", line 3, in <module>
    import lmfit
ModuleNotFoundError: No module named 'lmfit'

real	0m0.118s
user	0m0.204s
sys	0m0.125s
Running global fitting for rg_id: 102
Traceback (most recent call last):
  File "/projects/b1044/Computational_Output/EKC/EKC.01_SHAPE_standardization/EKC.01.061.analyze_fit_distributions/fitting_module_v2_ACglobal/timecourse_fitting.py", line 3, in <module>
    import lmfit
ModuleNotFoundError: No module named 'lmfit'

real	0m0.116s
user	0m0.187s
sys	0m0.138s
Running global fitting for rg_id: 103
Traceback (most recent call last):
  File "/projects/b1044/Computational_Output/EKC/EKC.01_SHAPE_standardization/EKC.01.061.analyze_fit_distributions/fitting_module_v2_ACglobal/timecourse_fitting.py", line 3, in <module>
    import lmfit
ModuleNotFoundError: No module named 'lmfit'

real	0m0.116s
user	0m0.194s
sys	0m0.132s
Running global fitting for rg_id: 104
Traceback (most recent call last):
  File "/projects/b1044/Computational_Output/EKC/EKC.01_SHAPE_standardization/EKC.01.061.analyze_fit_distributions/fitting_module_v2_ACglobal/timecourse_fitting.py", line 3, in <module>
    import lmfit
ModuleNotFoundError: No module named 'lmfit'

real	0m0.116s
user	0m0.221s
sys	0m0.104s
Running global fitting for rg_id: 105
Traceback (most recent call last):
  File "/projects/b1044/Computational_Output/EKC/EKC.01_SHAPE_standardization/EKC.01.061.analyze_fit_distributions/fitting_module_v2_ACglobal/timecourse_fitting.py", line 3, in <module>
    import lmfit
ModuleNotFoundError: No module named 'lmfit'

real	0m0.114s
user	0m0.190s
sys	0m0.130s
Running global fitting for rg_id: 106
Traceback (most recent call last):
  File "/projects/b1044/Computational_Output/EKC/EKC.01_SHAPE_standardization/EKC.01.061.analyze_fit_distributions/fitting_module_v2_ACglobal/timecourse_fitting.py", line 3, in <module>
    import lmfit
ModuleNotFoundError: No module named 'lmfit'

real	0m0.114s
user	0m0.189s
sys	0m0.131s
Running global fitting for rg_id: 107
Traceback (most recent call last):
  File "/projects/b1044/Computational_Output/EKC/EKC.01_SHAPE_standardization/EKC.01.061.analyze_fit_distributions/fitting_module_v2_ACglobal/timecourse_fitting.py", line 3, in <module>
    import lmfit
ModuleNotFoundError: No module named 'lmfit'

real	0m0.116s
user	0m0.193s
sys	0m0.128s
Running global fitting for rg_id: 108
Traceback (most recent call last):
  File "/projects/b1044/Computational_Output/EKC/EKC.01_SHAPE_standardization/EKC.01.061.analyze_fit_distributions/fitting_module_v2_ACglobal/timecourse_fitting.py", line 3, in <module>
    import lmfit
ModuleNotFoundError: No module named 'lmfit'

real	0m0.115s
user	0m0.185s
sys	0m0.136s
Running global fitting for rg_id: 109
Traceback (most recent call last):
  File "/projects/b1044/Computational_Output/EKC/EKC.01_SHAPE_standardization/EKC.01.061.analyze_fit_distributions/fitting_module_v2_ACglobal/timecourse_fitting.py", line 3, in <module>
    import lmfit
ModuleNotFoundError: No module named 'lmfit'

real	0m0.116s
user	0m0.193s
sys	0m0.132s
Running global fitting for rg_id: 110
Traceback (most recent call last):
  File "/projects/b1044/Computational_Output/EKC/EKC.01_SHAPE_standardization/EKC.01.061.analyze_fit_distributions/fitting_module_v2_ACglobal/timecourse_fitting.py", line 3, in <module>
    import lmfit
ModuleNotFoundError: No module named 'lmfit'

real	0m0.115s
user	0m0.204s
sys	0m0.120s
Running global fitting for rg_id: 111
Traceback (most recent call last):
  File "/projects/b1044/Computational_Output/EKC/EKC.01_SHAPE_standardization/EKC.01.061.analyze_fit_distributions/fitting_module_v2_ACglobal/timecourse_fitting.py", line 3, in <module>
    import lmfit
ModuleNotFoundError: No module named 'lmfit'

real	0m0.114s
user	0m0.184s
sys	0m0.138s
Running global fitting for rg_id: 112
Traceback (most recent call last):
  File "/projects/b1044/Computational_Output/EKC/EKC.01_SHAPE_standardization/EKC.01.061.analyze_fit_distributions/fitting_module_v2_ACglobal/timecourse_fitting.py", line 3, in <module>
    import lmfit
ModuleNotFoundError: No module named 'lmfit'

real	0m0.114s
user	0m0.202s
sys	0m0.122s
Running global fitting for rg_id: 113
Traceback (most recent call last):
  File "/projects/b1044/Computational_Output/EKC/EKC.01_SHAPE_standardization/EKC.01.061.analyze_fit_distributions/fitting_module_v2_ACglobal/timecourse_fitting.py", line 3, in <module>
    import lmfit
ModuleNotFoundError: No module named 'lmfit'

real	0m0.113s
user	0m0.183s
sys	0m0.132s
Running global fitting for rg_id: 114
Traceback (most recent call last):
  File "/projects/b1044/Computational_Output/EKC/EKC.01_SHAPE_standardization/EKC.01.061.analyze_fit_distributions/fitting_module_v2_ACglobal/timecourse_fitting.py", line 3, in <module>
    import lmfit
ModuleNotFoundError: No module named 'lmfit'

real	0m0.118s
user	0m0.203s
sys	0m0.127s
Running global fitting for rg_id: 115
Traceback (most recent call last):
  File "/projects/b1044/Computational_Output/EKC/EKC.01_SHAPE_standardization/EKC.01.061.analyze_fit_distributions/fitting_module_v2_ACglobal/timecourse_fitting.py", line 3, in <module>
    import lmfit
ModuleNotFoundError: No module named 'lmfit'

real	0m0.116s
user	0m0.192s
sys	0m0.130s
Running global fitting for rg_id: 116
Traceback (most recent call last):
  File "/projects/b1044/Computational_Output/EKC/EKC.01_SHAPE_standardization/EKC.01.061.analyze_fit_distributions/fitting_module_v2_ACglobal/timecourse_fitting.py", line 3, in <module>
    import lmfit
ModuleNotFoundError: No module named 'lmfit'

real	0m0.117s
user	0m0.203s
sys	0m0.125s
Running global fitting for rg_id: 117
Traceback (most recent call last):
  File "/projects/b1044/Computational_Output/EKC/EKC.01_SHAPE_standardization/EKC.01.061.analyze_fit_distributions/fitting_module_v2_ACglobal/timecourse_fitting.py", line 3, in <module>
    import lmfit
ModuleNotFoundError: No module named 'lmfit'

real	0m0.114s
user	0m0.194s
sys	0m0.131s
Running global fitting for rg_id: 118
Traceback (most recent call last):
  File "/projects/b1044/Computational_Output/EKC/EKC.01_SHAPE_standardization/EKC.01.061.analyze_fit_distributions/fitting_module_v2_ACglobal/timecourse_fitting.py", line 3, in <module>
    import lmfit
ModuleNotFoundError: No module named 'lmfit'

real	0m0.117s
user	0m0.198s
sys	0m0.131s
Running global fitting for rg_id: 119
Traceback (most recent call last):
  File "/projects/b1044/Computational_Output/EKC/EKC.01_SHAPE_standardization/EKC.01.061.analyze_fit_distributions/fitting_module_v2_ACglobal/timecourse_fitting.py", line 3, in <module>
    import lmfit
ModuleNotFoundError: No module named 'lmfit'

real	0m0.115s
user	0m0.192s
sys	0m0.131s
Running global fitting for rg_id: 120
Traceback (most recent call last):
  File "/projects/b1044/Computational_Output/EKC/EKC.01_SHAPE_standardization/EKC.01.061.analyze_fit_distributions/fitting_module_v2_ACglobal/timecourse_fitting.py", line 3, in <module>
    import lmfit
ModuleNotFoundError: No module named 'lmfit'

real	0m0.120s
user	0m0.205s
sys	0m0.125s
Running global fitting for rg_id: 121
Traceback (most recent call last):
  File "/projects/b1044/Computational_Output/EKC/EKC.01_SHAPE_standardization/EKC.01.061.analyze_fit_distributions/fitting_module_v2_ACglobal/timecourse_fitting.py", line 3, in <module>
    import lmfit
ModuleNotFoundError: No module named 'lmfit'

real	0m0.115s
user	0m0.184s
sys	0m0.140s
Running global fitting for rg_id: 122
Traceback (most recent call last):
  File "/projects/b1044/Computational_Output/EKC/EKC.01_SHAPE_standardization/EKC.01.061.analyze_fit_distributions/fitting_module_v2_ACglobal/timecourse_fitting.py", line 3, in <module>
    import lmfit
ModuleNotFoundError: No module named 'lmfit'

real	0m0.115s
user	0m0.197s
sys	0m0.124s
Running global fitting for rg_id: 123
Traceback (most recent call last):
  File "/projects/b1044/Computational_Output/EKC/EKC.01_SHAPE_standardization/EKC.01.061.analyze_fit_distributions/fitting_module_v2_ACglobal/timecourse_fitting.py", line 3, in <module>
    import lmfit
ModuleNotFoundError: No module named 'lmfit'

real	0m0.115s
user	0m0.206s
sys	0m0.121s
Running global fitting for rg_id: 124
Traceback (most recent call last):
  File "/projects/b1044/Computational_Output/EKC/EKC.01_SHAPE_standardization/EKC.01.061.analyze_fit_distributions/fitting_module_v2_ACglobal/timecourse_fitting.py", line 3, in <module>
    import lmfit
ModuleNotFoundError: No module named 'lmfit'

real	0m0.113s
user	0m0.198s
sys	0m0.121s
Running global fitting for rg_id: 125
Traceback (most recent call last):
  File "/projects/b1044/Computational_Output/EKC/EKC.01_SHAPE_standardization/EKC.01.061.analyze_fit_distributions/fitting_module_v2_ACglobal/timecourse_fitting.py", line 3, in <module>
    import lmfit
ModuleNotFoundError: No module named 'lmfit'

real	0m0.115s
user	0m0.194s
sys	0m0.134s
Running global fitting for rg_id: 126
Traceback (most recent call last):
  File "/projects/b1044/Computational_Output/EKC/EKC.01_SHAPE_standardization/EKC.01.061.analyze_fit_distributions/fitting_module_v2_ACglobal/timecourse_fitting.py", line 3, in <module>
    import lmfit
ModuleNotFoundError: No module named 'lmfit'

real	0m0.117s
user	0m0.194s
sys	0m0.134s
Running global fitting for rg_id: 127
Traceback (most recent call last):
  File "/projects/b1044/Computational_Output/EKC/EKC.01_SHAPE_standardization/EKC.01.061.analyze_fit_distributions/fitting_module_v2_ACglobal/timecourse_fitting.py", line 3, in <module>
    import lmfit
ModuleNotFoundError: No module named 'lmfit'

real	0m0.116s
user	0m0.201s
sys	0m0.125s
Running global fitting for rg_id: 128
Traceback (most recent call last):
  File "/projects/b1044/Computational_Output/EKC/EKC.01_SHAPE_standardization/EKC.01.061.analyze_fit_distributions/fitting_module_v2_ACglobal/timecourse_fitting.py", line 3, in <module>
    import lmfit
ModuleNotFoundError: No module named 'lmfit'

real	0m0.116s
user	0m0.207s
sys	0m0.116s
