2025-10-22 13:39:17,125 - nerd.db.api - INFO - Database schema initialized successfully.
2025-10-22 13:39:17,125 - nerd.utils.paths - INFO - Created run directory: manuscript_pipeline/04_probe_tc_kinetics/probe_timecourse/probe_timecourse___cfg-2034975
2025-10-22 13:39:17,126 - nerd.pipeline.tasks.base - INFO - Executing task 'probe_timecourse' in run directory: manuscript_pipeline/04_probe_tc_kinetics/probe_timecourse/probe_timecourse___cfg-2034975
2025-10-22 13:39:17,126 - nerd.db.api - INFO - Began task 'probe_timecourse' (ID: 238) for rg_batch:None (cfg=203497535d62b180859f3cc0b67452fb978c2c2040f33ee9def131520a415cdb)
2025-10-22 13:39:17,127 - nerd.pipeline.tasks.base - INFO - Command completed successfully. Consuming outputs.
2025-10-22 13:39:17,960 - nerd.pipeline.tasks.timecourse - ERROR - Failed to load timecourse data for rg_id=111 valtype=modrate: No timecourse data found for rg_id=111 with done_by=['ekc'].
Traceback (most recent call last):
  File "/Volumes/MiniVault/LucksLab Dropbox/LucksLab/Group_Members/EKC/Projects/EKC.01_SHAPE_Standardization/Experiments/01.065.refactoring_data_analysis/nerd/pipeline/tasks/timecourse.py", line 199, in consume_outputs
    series, rg_meta = self._load_rg_dataset(
                      ^^^^^^^^^^^^^^^^^^^^^^
  File "/Volumes/MiniVault/LucksLab Dropbox/LucksLab/Group_Members/EKC/Projects/EKC.01_SHAPE_Standardization/Experiments/01.065.refactoring_data_analysis/nerd/pipeline/tasks/timecourse.py", line 478, in _load_rg_dataset
    raise ValueError(f"No timecourse data found for rg_id={rg_id} with done_by={done_by_values}.")
ValueError: No timecourse data found for rg_id=111 with done_by=['ekc'].
2025-10-22 13:39:18,009 - nerd.pipeline.tasks.timecourse - ERROR - Failed to load timecourse data for rg_id=111 valtype=GAmodrate: No timecourse data found for rg_id=111 with done_by=['ekc'].
Traceback (most recent call last):
  File "/Volumes/MiniVault/LucksLab Dropbox/LucksLab/Group_Members/EKC/Projects/EKC.01_SHAPE_Standardization/Experiments/01.065.refactoring_data_analysis/nerd/pipeline/tasks/timecourse.py", line 199, in consume_outputs
    series, rg_meta = self._load_rg_dataset(
                      ^^^^^^^^^^^^^^^^^^^^^^
  File "/Volumes/MiniVault/LucksLab Dropbox/LucksLab/Group_Members/EKC/Projects/EKC.01_SHAPE_Standardization/Experiments/01.065.refactoring_data_analysis/nerd/pipeline/tasks/timecourse.py", line 478, in _load_rg_dataset
    raise ValueError(f"No timecourse data found for rg_id={rg_id} with done_by={done_by_values}.")
ValueError: No timecourse data found for rg_id=111 with done_by=['ekc'].
2025-10-22 13:39:18,035 - nerd.pipeline.tasks.timecourse - WARNING - No series loaded for rg_id=111 across valtypes ['modrate', 'GAmodrate']; skipping.
2025-10-22 13:39:18,654 - nerd.db.api - INFO - Finished task ID 238 with state 'completed'
2025-10-22 13:39:18,655 - nerd.pipeline.tasks.base - INFO - Task 'probe_timecourse' (ID: 238) completed successfully.
2025-10-22 13:39:18,655 - nerd.utils.paths - INFO - Updated 'latest' symlink for task 'probe_timecourse' to point to /Volumes/MiniVault/LucksLab Dropbox/LucksLab/Group_Members/EKC/Projects/EKC.01_SHAPE_Standardization/Experiments/01.065.refactoring_data_analysis/manuscript_pipeline/04_probe_tc_kinetics/probe_timecourse/probe_timecourse___cfg-2034975
