2025-10-21 06:30:42,077 - nerd.db.api - INFO - Database schema initialized successfully.
2025-10-21 06:30:42,078 - nerd.utils.paths - INFO - Created run directory: manuscript_pipeline/04_probe_tc_kinetics/probe_timecourse/probe_timecourse___cfg-113e11d
2025-10-21 06:30:42,078 - nerd.pipeline.tasks.base - INFO - Executing task 'probe_timecourse' in run directory: manuscript_pipeline/04_probe_tc_kinetics/probe_timecourse/probe_timecourse___cfg-113e11d
2025-10-21 06:30:42,079 - nerd.db.api - INFO - Began task 'probe_timecourse' (ID: 154) for rg_batch:None (cfg=113e11d37356414b54c15e2d0eeff246244464340ffd33a190bb0972e9b4d56b)
2025-10-21 06:30:42,080 - nerd.pipeline.tasks.base - INFO - Command completed successfully. Consuming outputs.
2025-10-21 06:30:42,099 - nerd.pipeline.tasks.timecourse - ERROR - Failed to load timecourse data for rg_id=2 valtype=modrate: No timecourse data found for rg_id=2 with done_by=['ekc'].
Traceback (most recent call last):
  File "/Volumes/MiniVault/LucksLab Dropbox/LucksLab/Group_Members/EKC/Projects/EKC.01_SHAPE_Standardization/Experiments/01.065.refactoring_data_analysis/nerd/pipeline/tasks/timecourse.py", line 184, in consume_outputs
    series, rg_meta = self._load_rg_dataset(
                      ^^^^^^^^^^^^^^^^^^^^^^
  File "/Volumes/MiniVault/LucksLab Dropbox/LucksLab/Group_Members/EKC/Projects/EKC.01_SHAPE_Standardization/Experiments/01.065.refactoring_data_analysis/nerd/pipeline/tasks/timecourse.py", line 428, in _load_rg_dataset
    raise ValueError(f"No timecourse data found for rg_id={rg_id} with done_by={done_by_values}.")
ValueError: No timecourse data found for rg_id=2 with done_by=['ekc'].
2025-10-21 06:30:42,138 - nerd.pipeline.tasks.timecourse - ERROR - Failed to load timecourse data for rg_id=2 valtype=GAmodrate: No timecourse data found for rg_id=2 with done_by=['ekc'].
Traceback (most recent call last):
  File "/Volumes/MiniVault/LucksLab Dropbox/LucksLab/Group_Members/EKC/Projects/EKC.01_SHAPE_Standardization/Experiments/01.065.refactoring_data_analysis/nerd/pipeline/tasks/timecourse.py", line 184, in consume_outputs
    series, rg_meta = self._load_rg_dataset(
                      ^^^^^^^^^^^^^^^^^^^^^^
  File "/Volumes/MiniVault/LucksLab Dropbox/LucksLab/Group_Members/EKC/Projects/EKC.01_SHAPE_Standardization/Experiments/01.065.refactoring_data_analysis/nerd/pipeline/tasks/timecourse.py", line 428, in _load_rg_dataset
    raise ValueError(f"No timecourse data found for rg_id={rg_id} with done_by={done_by_values}.")
ValueError: No timecourse data found for rg_id=2 with done_by=['ekc'].
2025-10-21 06:30:42,161 - nerd.cli - ERROR - Failed to execute task 'probe_tc_kinetics': cannot access local variable 'rg_meta' where it is not associated with a value
Traceback (most recent call last):
  File "/Volumes/MiniVault/LucksLab Dropbox/LucksLab/Group_Members/EKC/Projects/EKC.01_SHAPE_Standardization/Experiments/01.065.refactoring_data_analysis/nerd/cli.py", line 132, in run
    task.exec(conn, cfg, verbose=state["verbose"])
  File "/Volumes/MiniVault/LucksLab Dropbox/LucksLab/Group_Members/EKC/Projects/EKC.01_SHAPE_Standardization/Experiments/01.065.refactoring_data_analysis/nerd/pipeline/tasks/base.py", line 264, in exec
    self.consume_outputs(ctx, inputs, params, run_dir, task_id=task_id)
  File "/Volumes/MiniVault/LucksLab Dropbox/LucksLab/Group_Members/EKC/Projects/EKC.01_SHAPE_Standardization/Experiments/01.065.refactoring_data_analysis/nerd/pipeline/tasks/timecourse.py", line 205, in consume_outputs
    if key in rg_meta and key not in global_metadata:
              ^^^^^^^
UnboundLocalError: cannot access local variable 'rg_meta' where it is not associated with a value
