2025-10-18 08:29:57,432 - nerd.db.api - INFO - Database schema initialized successfully.
2025-10-18 08:29:57,433 - nerd.utils.paths - INFO - Created run directory: manuscript_pipeline/03_nmr_arrhenius/tempgrad_fit/tempgrad_fit___cfg-2480db8
2025-10-18 08:29:57,433 - nerd.pipeline.tasks.base - INFO - Executing task 'tempgrad_fit' in run directory: manuscript_pipeline/03_nmr_arrhenius/tempgrad_fit/tempgrad_fit___cfg-2480db8
2025-10-18 08:29:57,433 - nerd.db.api - INFO - Began task 'tempgrad_fit' (ID: 144) for global:None (cfg=2480db8fb546b4354ab178caf0a253762bf75f06ed3a8032c87db95e8d15315e)
2025-10-18 08:29:57,434 - nerd.pipeline.tasks.base - INFO - Command completed successfully. Consuming outputs.
2025-10-18 08:29:57,436 - nerd.db.api - ERROR - Failed to delete tempgrad_fit_runs for fit_kind=arrhenius, scope_kind=global, scope_id=None, tg_id=None, nt_id=None: foreign key mismatch - "tempgrad_fit_runs" referencing "probe_tempgrad_groups"
Traceback (most recent call last):
  File "/Volumes/MiniVault/LucksLab Dropbox/LucksLab/Group_Members/EKC/Projects/EKC.01_SHAPE_Standardization/Experiments/01.065.refactoring_data_analysis/nerd/db/api.py", line 925, in delete_tempgrad_fit_runs
    return _run_with_retry(conn, _op, "delete_tempgrad_fit_runs")
           ^^^^^^^^^^^^^^^^^^^^^^^^^^^^^^^^^^^^^^^^^^^^^^^^^^^^^^
  File "/Volumes/MiniVault/LucksLab Dropbox/LucksLab/Group_Members/EKC/Projects/EKC.01_SHAPE_Standardization/Experiments/01.065.refactoring_data_analysis/nerd/db/api.py", line 1805, in _run_with_retry
    return operation()
           ^^^^^^^^^^^
  File "/Volumes/MiniVault/LucksLab Dropbox/LucksLab/Group_Members/EKC/Projects/EKC.01_SHAPE_Standardization/Experiments/01.065.refactoring_data_analysis/nerd/db/api.py", line 921, in _op
    cursor = conn.execute(sql, params)
             ^^^^^^^^^^^^^^^^^^^^^^^^^
sqlite3.OperationalError: foreign key mismatch - "tempgrad_fit_runs" referencing "probe_tempgrad_groups"
2025-10-18 08:29:57,531 - nerd.db.api - ERROR - Failed to insert tempgrad_fit_run for fit_kind=arrhenius, scope_kind=global, scope_id=None, tg_id=None, nt_id=None: foreign key mismatch - "tempgrad_fit_runs" referencing "probe_tempgrad_groups"
Traceback (most recent call last):
  File "/Volumes/MiniVault/LucksLab Dropbox/LucksLab/Group_Members/EKC/Projects/EKC.01_SHAPE_Standardization/Experiments/01.065.refactoring_data_analysis/nerd/db/api.py", line 982, in begin_tempgrad_fit_run
    return _run_with_retry(conn, _op, "begin_tempgrad_fit_run")
           ^^^^^^^^^^^^^^^^^^^^^^^^^^^^^^^^^^^^^^^^^^^^^^^^^^^^
  File "/Volumes/MiniVault/LucksLab Dropbox/LucksLab/Group_Members/EKC/Projects/EKC.01_SHAPE_Standardization/Experiments/01.065.refactoring_data_analysis/nerd/db/api.py", line 1805, in _run_with_retry
    return operation()
           ^^^^^^^^^^^
  File "/Volumes/MiniVault/LucksLab Dropbox/LucksLab/Group_Members/EKC/Projects/EKC.01_SHAPE_Standardization/Experiments/01.065.refactoring_data_analysis/nerd/db/api.py", line 965, in _op
    cursor = conn.execute(
             ^^^^^^^^^^^^^
sqlite3.OperationalError: foreign key mismatch - "tempgrad_fit_runs" referencing "probe_tempgrad_groups"
2025-10-18 08:29:57,634 - nerd.db.api - INFO - Finished task ID 144 with state 'completed'
2025-10-18 08:29:57,634 - nerd.pipeline.tasks.base - INFO - Task 'tempgrad_fit' (ID: 144) completed successfully.
2025-10-18 08:29:57,635 - nerd.utils.paths - INFO - Updated 'latest' symlink for task 'tempgrad_fit' to point to /Volumes/MiniVault/LucksLab Dropbox/LucksLab/Group_Members/EKC/Projects/EKC.01_SHAPE_Standardization/Experiments/01.065.refactoring_data_analysis/manuscript_pipeline/03_nmr_arrhenius/tempgrad_fit/tempgrad_fit___cfg-2480db8
