2025-10-21 07:18:39,094 - nerd.db.api - INFO - Database schema initialized successfully.
2025-10-21 07:18:39,095 - nerd.utils.paths - INFO - Created run directory: manuscript_pipeline/04_probe_tc_kinetics/probe_timecourse/probe_timecourse___cfg-fe1d3b5
2025-10-21 07:18:39,095 - nerd.pipeline.tasks.base - INFO - Executing task 'probe_timecourse' in run directory: manuscript_pipeline/04_probe_tc_kinetics/probe_timecourse/probe_timecourse___cfg-fe1d3b5
2025-10-21 07:18:39,096 - nerd.db.api - INFO - Began task 'probe_timecourse' (ID: 193) for rg:7 (cfg=fe1d3b54e882b6679f3e560087325de85b31b5832be3e4c2543023cb191f8e46)
2025-10-21 07:18:39,096 - nerd.pipeline.tasks.base - INFO - Command completed successfully. Consuming outputs.
2025-10-21 07:18:39,105 - nerd.pipeline.tasks.timecourse - ERROR - Failed to load timecourse data for rg_id=7 valtype=modrate: No timecourse data found for rg_id=7 with done_by=['ekc'].
Traceback (most recent call last):
  File "/Volumes/MiniVault/LucksLab Dropbox/LucksLab/Group_Members/EKC/Projects/EKC.01_SHAPE_Standardization/Experiments/01.065.refactoring_data_analysis/nerd/pipeline/tasks/timecourse.py", line 185, in consume_outputs
    series, rg_meta = self._load_rg_dataset(
                      ^^^^^^^^^^^^^^^^^^^^^^
  File "/Volumes/MiniVault/LucksLab Dropbox/LucksLab/Group_Members/EKC/Projects/EKC.01_SHAPE_Standardization/Experiments/01.065.refactoring_data_analysis/nerd/pipeline/tasks/timecourse.py", line 434, in _load_rg_dataset
    raise ValueError(f"No timecourse data found for rg_id={rg_id} with done_by={done_by_values}.")
ValueError: No timecourse data found for rg_id=7 with done_by=['ekc'].
2025-10-21 07:18:39,146 - nerd.pipeline.tasks.timecourse - ERROR - Failed to load timecourse data for rg_id=7 valtype=GAmodrate: No timecourse data found for rg_id=7 with done_by=['ekc'].
Traceback (most recent call last):
  File "/Volumes/MiniVault/LucksLab Dropbox/LucksLab/Group_Members/EKC/Projects/EKC.01_SHAPE_Standardization/Experiments/01.065.refactoring_data_analysis/nerd/pipeline/tasks/timecourse.py", line 185, in consume_outputs
    series, rg_meta = self._load_rg_dataset(
                      ^^^^^^^^^^^^^^^^^^^^^^
  File "/Volumes/MiniVault/LucksLab Dropbox/LucksLab/Group_Members/EKC/Projects/EKC.01_SHAPE_Standardization/Experiments/01.065.refactoring_data_analysis/nerd/pipeline/tasks/timecourse.py", line 434, in _load_rg_dataset
    raise ValueError(f"No timecourse data found for rg_id={rg_id} with done_by={done_by_values}.")
ValueError: No timecourse data found for rg_id=7 with done_by=['ekc'].
2025-10-21 07:18:39,169 - nerd.pipeline.tasks.timecourse - WARNING - No series loaded for rg_id=7 across valtypes ['modrate', 'GAmodrate']; skipping.
2025-10-21 07:18:39,169 - nerd.db.api - INFO - Finished task ID 193 with state 'completed'
2025-10-21 07:18:39,169 - nerd.pipeline.tasks.base - INFO - Task 'probe_timecourse' (ID: 193) completed successfully.
2025-10-21 07:18:39,170 - nerd.utils.paths - INFO - Updated 'latest' symlink for task 'probe_timecourse' to point to /Volumes/MiniVault/LucksLab Dropbox/LucksLab/Group_Members/EKC/Projects/EKC.01_SHAPE_Standardization/Experiments/01.065.refactoring_data_analysis/manuscript_pipeline/04_probe_tc_kinetics/probe_timecourse/probe_timecourse___cfg-fe1d3b5
