2025-10-22 13:45:47,980 - nerd.db.api - INFO - Database schema initialized successfully.
2025-10-22 13:45:47,981 - nerd.utils.paths - INFO - Created run directory: manuscript_pipeline/04_probe_tc_kinetics/probe_timecourse/probe_timecourse___cfg-c7dcdd9
2025-10-22 13:45:47,981 - nerd.pipeline.tasks.base - INFO - Executing task 'probe_timecourse' in run directory: manuscript_pipeline/04_probe_tc_kinetics/probe_timecourse/probe_timecourse___cfg-c7dcdd9
2025-10-22 13:45:47,982 - nerd.db.api - INFO - Began task 'probe_timecourse' (ID: 243) for rg_batch:None (cfg=c7dcdd903cbb014a71426f6df7ea366049e6d66ad1fc910830eca7c2296633a9)
2025-10-22 13:45:47,982 - nerd.pipeline.tasks.base - INFO - Command completed successfully. Consuming outputs.
2025-10-22 13:45:48,874 - nerd.pipeline.tasks.timecourse - ERROR - Failed to load timecourse data for rg_id=119 valtype=modrate: No nucleotides met inclusion criteria for rg_id=119.
Traceback (most recent call last):
  File "/Volumes/MiniVault/LucksLab Dropbox/LucksLab/Group_Members/EKC/Projects/EKC.01_SHAPE_Standardization/Experiments/01.065.refactoring_data_analysis/nerd/pipeline/tasks/timecourse.py", line 199, in consume_outputs
    series, rg_meta = self._load_rg_dataset(
                      ^^^^^^^^^^^^^^^^^^^^^^
  File "/Volumes/MiniVault/LucksLab Dropbox/LucksLab/Group_Members/EKC/Projects/EKC.01_SHAPE_Standardization/Experiments/01.065.refactoring_data_analysis/nerd/pipeline/tasks/timecourse.py", line 580, in _load_rg_dataset
    raise ValueError(f"No nucleotides met inclusion criteria for rg_id={rg_id}.")
ValueError: No nucleotides met inclusion criteria for rg_id=119.
2025-10-22 13:45:48,926 - nerd.pipeline.tasks.timecourse - ERROR - Failed to load timecourse data for rg_id=119 valtype=GAmodrate: No nucleotides met inclusion criteria for rg_id=119.
Traceback (most recent call last):
  File "/Volumes/MiniVault/LucksLab Dropbox/LucksLab/Group_Members/EKC/Projects/EKC.01_SHAPE_Standardization/Experiments/01.065.refactoring_data_analysis/nerd/pipeline/tasks/timecourse.py", line 199, in consume_outputs
    series, rg_meta = self._load_rg_dataset(
                      ^^^^^^^^^^^^^^^^^^^^^^
  File "/Volumes/MiniVault/LucksLab Dropbox/LucksLab/Group_Members/EKC/Projects/EKC.01_SHAPE_Standardization/Experiments/01.065.refactoring_data_analysis/nerd/pipeline/tasks/timecourse.py", line 580, in _load_rg_dataset
    raise ValueError(f"No nucleotides met inclusion criteria for rg_id={rg_id}.")
ValueError: No nucleotides met inclusion criteria for rg_id=119.
2025-10-22 13:45:48,954 - nerd.pipeline.tasks.timecourse - WARNING - No series loaded for rg_id=119 across valtypes ['modrate', 'GAmodrate']; skipping.
2025-10-22 13:45:48,967 - nerd.pipeline.tasks.timecourse - ERROR - Failed to load timecourse data for rg_id=120 valtype=modrate: No timecourse data found for rg_id=120 with done_by=['ekc'].
Traceback (most recent call last):
  File "/Volumes/MiniVault/LucksLab Dropbox/LucksLab/Group_Members/EKC/Projects/EKC.01_SHAPE_Standardization/Experiments/01.065.refactoring_data_analysis/nerd/pipeline/tasks/timecourse.py", line 199, in consume_outputs
    series, rg_meta = self._load_rg_dataset(
                      ^^^^^^^^^^^^^^^^^^^^^^
  File "/Volumes/MiniVault/LucksLab Dropbox/LucksLab/Group_Members/EKC/Projects/EKC.01_SHAPE_Standardization/Experiments/01.065.refactoring_data_analysis/nerd/pipeline/tasks/timecourse.py", line 478, in _load_rg_dataset
    raise ValueError(f"No timecourse data found for rg_id={rg_id} with done_by={done_by_values}.")
ValueError: No timecourse data found for rg_id=120 with done_by=['ekc'].
2025-10-22 13:45:49,005 - nerd.pipeline.tasks.timecourse - ERROR - Failed to load timecourse data for rg_id=120 valtype=GAmodrate: No timecourse data found for rg_id=120 with done_by=['ekc'].
Traceback (most recent call last):
  File "/Volumes/MiniVault/LucksLab Dropbox/LucksLab/Group_Members/EKC/Projects/EKC.01_SHAPE_Standardization/Experiments/01.065.refactoring_data_analysis/nerd/pipeline/tasks/timecourse.py", line 199, in consume_outputs
    series, rg_meta = self._load_rg_dataset(
                      ^^^^^^^^^^^^^^^^^^^^^^
  File "/Volumes/MiniVault/LucksLab Dropbox/LucksLab/Group_Members/EKC/Projects/EKC.01_SHAPE_Standardization/Experiments/01.065.refactoring_data_analysis/nerd/pipeline/tasks/timecourse.py", line 478, in _load_rg_dataset
    raise ValueError(f"No timecourse data found for rg_id={rg_id} with done_by={done_by_values}.")
ValueError: No timecourse data found for rg_id=120 with done_by=['ekc'].
2025-10-22 13:45:49,030 - nerd.pipeline.tasks.timecourse - WARNING - No series loaded for rg_id=120 across valtypes ['modrate', 'GAmodrate']; skipping.
2025-10-22 13:45:49,450 - nerd.db.api - INFO - Finished task ID 243 with state 'completed'
2025-10-22 13:45:49,451 - nerd.pipeline.tasks.base - INFO - Task 'probe_timecourse' (ID: 243) completed successfully.
2025-10-22 13:45:49,451 - nerd.utils.paths - INFO - Updated 'latest' symlink for task 'probe_timecourse' to point to /Volumes/MiniVault/LucksLab Dropbox/LucksLab/Group_Members/EKC/Projects/EKC.01_SHAPE_Standardization/Experiments/01.065.refactoring_data_analysis/manuscript_pipeline/04_probe_tc_kinetics/probe_timecourse/probe_timecourse___cfg-c7dcdd9
