2025-10-21 07:21:03,540 - nerd.db.api - INFO - Database schema initialized successfully.
2025-10-21 07:21:03,541 - nerd.utils.paths - INFO - Created run directory: manuscript_pipeline/04_probe_tc_kinetics/probe_timecourse/probe_timecourse___cfg-7091bf9
2025-10-21 07:21:03,541 - nerd.pipeline.tasks.base - INFO - Executing task 'probe_timecourse' in run directory: manuscript_pipeline/04_probe_tc_kinetics/probe_timecourse/probe_timecourse___cfg-7091bf9
2025-10-21 07:21:03,541 - nerd.db.api - INFO - Began task 'probe_timecourse' (ID: 196) for rg:7 (cfg=7091bf9c38ac41748ff2b3c6c4f7c162adf34559fe28ecb3f613a1f104406ed7)
2025-10-21 07:21:03,542 - nerd.pipeline.tasks.base - INFO - Command completed successfully. Consuming outputs.
2025-10-21 07:21:03,550 - nerd.pipeline.tasks.timecourse - ERROR - Failed to load timecourse data for rg_id=7 valtype=modrate: No timecourse data found for rg_id=7 with done_by=['ekc'].
Traceback (most recent call last):
  File "/Volumes/MiniVault/LucksLab Dropbox/LucksLab/Group_Members/EKC/Projects/EKC.01_SHAPE_Standardization/Experiments/01.065.refactoring_data_analysis/nerd/pipeline/tasks/timecourse.py", line 199, in consume_outputs
    series, rg_meta = self._load_rg_dataset(
                      ^^^^^^^^^^^^^^^^^^^^^^
  File "/Volumes/MiniVault/LucksLab Dropbox/LucksLab/Group_Members/EKC/Projects/EKC.01_SHAPE_Standardization/Experiments/01.065.refactoring_data_analysis/nerd/pipeline/tasks/timecourse.py", line 468, in _load_rg_dataset
    raise ValueError(f"No timecourse data found for rg_id={rg_id} with done_by={done_by_values}.")
ValueError: No timecourse data found for rg_id=7 with done_by=['ekc'].
2025-10-21 07:21:03,594 - nerd.pipeline.tasks.timecourse - ERROR - Failed to load timecourse data for rg_id=7 valtype=GAmodrate: No timecourse data found for rg_id=7 with done_by=['ekc'].
Traceback (most recent call last):
  File "/Volumes/MiniVault/LucksLab Dropbox/LucksLab/Group_Members/EKC/Projects/EKC.01_SHAPE_Standardization/Experiments/01.065.refactoring_data_analysis/nerd/pipeline/tasks/timecourse.py", line 199, in consume_outputs
    series, rg_meta = self._load_rg_dataset(
                      ^^^^^^^^^^^^^^^^^^^^^^
  File "/Volumes/MiniVault/LucksLab Dropbox/LucksLab/Group_Members/EKC/Projects/EKC.01_SHAPE_Standardization/Experiments/01.065.refactoring_data_analysis/nerd/pipeline/tasks/timecourse.py", line 468, in _load_rg_dataset
    raise ValueError(f"No timecourse data found for rg_id={rg_id} with done_by={done_by_values}.")
ValueError: No timecourse data found for rg_id=7 with done_by=['ekc'].
2025-10-21 07:21:03,619 - nerd.pipeline.tasks.timecourse - WARNING - No series loaded for rg_id=7 across valtypes ['modrate', 'GAmodrate']; skipping.
2025-10-21 07:21:03,621 - nerd.db.api - INFO - Finished task ID 196 with state 'completed'
2025-10-21 07:21:03,621 - nerd.pipeline.tasks.base - INFO - Task 'probe_timecourse' (ID: 196) completed successfully.
2025-10-21 07:21:03,622 - nerd.utils.paths - INFO - Updated 'latest' symlink for task 'probe_timecourse' to point to /Volumes/MiniVault/LucksLab Dropbox/LucksLab/Group_Members/EKC/Projects/EKC.01_SHAPE_Standardization/Experiments/01.065.refactoring_data_analysis/manuscript_pipeline/04_probe_tc_kinetics/probe_timecourse/probe_timecourse___cfg-7091bf9
