2025-10-21 06:32:55,903 - nerd.db.api - INFO - Database schema initialized successfully.
2025-10-21 06:32:55,904 - nerd.utils.paths - INFO - Created run directory: manuscript_pipeline/04_probe_tc_kinetics/probe_timecourse/probe_timecourse___cfg-113e11d
2025-10-21 06:32:55,904 - nerd.pipeline.tasks.base - INFO - Executing task 'probe_timecourse' in run directory: manuscript_pipeline/04_probe_tc_kinetics/probe_timecourse/probe_timecourse___cfg-113e11d
2025-10-21 06:32:55,905 - nerd.db.api - INFO - Began task 'probe_timecourse' (ID: 156) for rg_batch:None (cfg=113e11d37356414b54c15e2d0eeff246244464340ffd33a190bb0972e9b4d56b)
2025-10-21 06:32:55,905 - nerd.pipeline.tasks.base - INFO - Command completed successfully. Consuming outputs.
2025-10-21 06:32:55,922 - nerd.pipeline.tasks.timecourse - ERROR - Failed to load timecourse data for rg_id=2 valtype=modrate: No timecourse data found for rg_id=2 with done_by=['ekc'].
Traceback (most recent call last):
  File "/Volumes/MiniVault/LucksLab Dropbox/LucksLab/Group_Members/EKC/Projects/EKC.01_SHAPE_Standardization/Experiments/01.065.refactoring_data_analysis/nerd/pipeline/tasks/timecourse.py", line 185, in consume_outputs
    series, rg_meta = self._load_rg_dataset(
                      ^^^^^^^^^^^^^^^^^^^^^^
  File "/Volumes/MiniVault/LucksLab Dropbox/LucksLab/Group_Members/EKC/Projects/EKC.01_SHAPE_Standardization/Experiments/01.065.refactoring_data_analysis/nerd/pipeline/tasks/timecourse.py", line 434, in _load_rg_dataset
    raise ValueError(f"No timecourse data found for rg_id={rg_id} with done_by={done_by_values}.")
ValueError: No timecourse data found for rg_id=2 with done_by=['ekc'].
2025-10-21 06:32:55,961 - nerd.pipeline.tasks.timecourse - ERROR - Failed to load timecourse data for rg_id=2 valtype=GAmodrate: No timecourse data found for rg_id=2 with done_by=['ekc'].
Traceback (most recent call last):
  File "/Volumes/MiniVault/LucksLab Dropbox/LucksLab/Group_Members/EKC/Projects/EKC.01_SHAPE_Standardization/Experiments/01.065.refactoring_data_analysis/nerd/pipeline/tasks/timecourse.py", line 185, in consume_outputs
    series, rg_meta = self._load_rg_dataset(
                      ^^^^^^^^^^^^^^^^^^^^^^
  File "/Volumes/MiniVault/LucksLab Dropbox/LucksLab/Group_Members/EKC/Projects/EKC.01_SHAPE_Standardization/Experiments/01.065.refactoring_data_analysis/nerd/pipeline/tasks/timecourse.py", line 434, in _load_rg_dataset
    raise ValueError(f"No timecourse data found for rg_id={rg_id} with done_by={done_by_values}.")
ValueError: No timecourse data found for rg_id=2 with done_by=['ekc'].
2025-10-21 06:32:55,984 - nerd.pipeline.tasks.timecourse - WARNING - No series loaded for rg_id=2 across valtypes ['modrate', 'GAmodrate']; skipping.
2025-10-21 06:32:55,990 - nerd.pipeline.tasks.timecourse - ERROR - Failed to load timecourse data for rg_id=5 valtype=modrate: No timecourse data found for rg_id=5 with done_by=['ekc'].
Traceback (most recent call last):
  File "/Volumes/MiniVault/LucksLab Dropbox/LucksLab/Group_Members/EKC/Projects/EKC.01_SHAPE_Standardization/Experiments/01.065.refactoring_data_analysis/nerd/pipeline/tasks/timecourse.py", line 185, in consume_outputs
    series, rg_meta = self._load_rg_dataset(
                      ^^^^^^^^^^^^^^^^^^^^^^
  File "/Volumes/MiniVault/LucksLab Dropbox/LucksLab/Group_Members/EKC/Projects/EKC.01_SHAPE_Standardization/Experiments/01.065.refactoring_data_analysis/nerd/pipeline/tasks/timecourse.py", line 434, in _load_rg_dataset
    raise ValueError(f"No timecourse data found for rg_id={rg_id} with done_by={done_by_values}.")
ValueError: No timecourse data found for rg_id=5 with done_by=['ekc'].
2025-10-21 06:32:56,019 - nerd.pipeline.tasks.timecourse - ERROR - Failed to load timecourse data for rg_id=5 valtype=GAmodrate: No timecourse data found for rg_id=5 with done_by=['ekc'].
Traceback (most recent call last):
  File "/Volumes/MiniVault/LucksLab Dropbox/LucksLab/Group_Members/EKC/Projects/EKC.01_SHAPE_Standardization/Experiments/01.065.refactoring_data_analysis/nerd/pipeline/tasks/timecourse.py", line 185, in consume_outputs
    series, rg_meta = self._load_rg_dataset(
                      ^^^^^^^^^^^^^^^^^^^^^^
  File "/Volumes/MiniVault/LucksLab Dropbox/LucksLab/Group_Members/EKC/Projects/EKC.01_SHAPE_Standardization/Experiments/01.065.refactoring_data_analysis/nerd/pipeline/tasks/timecourse.py", line 434, in _load_rg_dataset
    raise ValueError(f"No timecourse data found for rg_id={rg_id} with done_by={done_by_values}.")
ValueError: No timecourse data found for rg_id=5 with done_by=['ekc'].
2025-10-21 06:32:56,042 - nerd.pipeline.tasks.timecourse - WARNING - No series loaded for rg_id=5 across valtypes ['modrate', 'GAmodrate']; skipping.
2025-10-21 06:32:56,051 - nerd.pipeline.tasks.timecourse - ERROR - Failed to load timecourse data for rg_id=7 valtype=modrate: No timecourse data found for rg_id=7 with done_by=['ekc'].
Traceback (most recent call last):
  File "/Volumes/MiniVault/LucksLab Dropbox/LucksLab/Group_Members/EKC/Projects/EKC.01_SHAPE_Standardization/Experiments/01.065.refactoring_data_analysis/nerd/pipeline/tasks/timecourse.py", line 185, in consume_outputs
    series, rg_meta = self._load_rg_dataset(
                      ^^^^^^^^^^^^^^^^^^^^^^
  File "/Volumes/MiniVault/LucksLab Dropbox/LucksLab/Group_Members/EKC/Projects/EKC.01_SHAPE_Standardization/Experiments/01.065.refactoring_data_analysis/nerd/pipeline/tasks/timecourse.py", line 434, in _load_rg_dataset
    raise ValueError(f"No timecourse data found for rg_id={rg_id} with done_by={done_by_values}.")
ValueError: No timecourse data found for rg_id=7 with done_by=['ekc'].
2025-10-21 06:32:56,083 - nerd.pipeline.tasks.timecourse - ERROR - Failed to load timecourse data for rg_id=7 valtype=GAmodrate: No timecourse data found for rg_id=7 with done_by=['ekc'].
Traceback (most recent call last):
  File "/Volumes/MiniVault/LucksLab Dropbox/LucksLab/Group_Members/EKC/Projects/EKC.01_SHAPE_Standardization/Experiments/01.065.refactoring_data_analysis/nerd/pipeline/tasks/timecourse.py", line 185, in consume_outputs
    series, rg_meta = self._load_rg_dataset(
                      ^^^^^^^^^^^^^^^^^^^^^^
  File "/Volumes/MiniVault/LucksLab Dropbox/LucksLab/Group_Members/EKC/Projects/EKC.01_SHAPE_Standardization/Experiments/01.065.refactoring_data_analysis/nerd/pipeline/tasks/timecourse.py", line 434, in _load_rg_dataset
    raise ValueError(f"No timecourse data found for rg_id={rg_id} with done_by={done_by_values}.")
ValueError: No timecourse data found for rg_id=7 with done_by=['ekc'].
2025-10-21 06:32:56,106 - nerd.pipeline.tasks.timecourse - WARNING - No series loaded for rg_id=7 across valtypes ['modrate', 'GAmodrate']; skipping.
2025-10-21 06:32:58,287 - nerd.pipeline.tasks.timecourse - ERROR - Failed to load timecourse data for rg_id=39 valtype=modrate: No timecourse data found for rg_id=39 with done_by=['ekc'].
Traceback (most recent call last):
  File "/Volumes/MiniVault/LucksLab Dropbox/LucksLab/Group_Members/EKC/Projects/EKC.01_SHAPE_Standardization/Experiments/01.065.refactoring_data_analysis/nerd/pipeline/tasks/timecourse.py", line 185, in consume_outputs
    series, rg_meta = self._load_rg_dataset(
                      ^^^^^^^^^^^^^^^^^^^^^^
  File "/Volumes/MiniVault/LucksLab Dropbox/LucksLab/Group_Members/EKC/Projects/EKC.01_SHAPE_Standardization/Experiments/01.065.refactoring_data_analysis/nerd/pipeline/tasks/timecourse.py", line 434, in _load_rg_dataset
    raise ValueError(f"No timecourse data found for rg_id={rg_id} with done_by={done_by_values}.")
ValueError: No timecourse data found for rg_id=39 with done_by=['ekc'].
2025-10-21 06:32:58,315 - nerd.pipeline.tasks.timecourse - ERROR - Failed to load timecourse data for rg_id=39 valtype=GAmodrate: No timecourse data found for rg_id=39 with done_by=['ekc'].
Traceback (most recent call last):
  File "/Volumes/MiniVault/LucksLab Dropbox/LucksLab/Group_Members/EKC/Projects/EKC.01_SHAPE_Standardization/Experiments/01.065.refactoring_data_analysis/nerd/pipeline/tasks/timecourse.py", line 185, in consume_outputs
    series, rg_meta = self._load_rg_dataset(
                      ^^^^^^^^^^^^^^^^^^^^^^
  File "/Volumes/MiniVault/LucksLab Dropbox/LucksLab/Group_Members/EKC/Projects/EKC.01_SHAPE_Standardization/Experiments/01.065.refactoring_data_analysis/nerd/pipeline/tasks/timecourse.py", line 434, in _load_rg_dataset
    raise ValueError(f"No timecourse data found for rg_id={rg_id} with done_by={done_by_values}.")
ValueError: No timecourse data found for rg_id=39 with done_by=['ekc'].
2025-10-21 06:32:58,338 - nerd.pipeline.tasks.timecourse - WARNING - No series loaded for rg_id=39 across valtypes ['modrate', 'GAmodrate']; skipping.
2025-10-21 06:32:58,345 - nerd.pipeline.tasks.timecourse - ERROR - Failed to load timecourse data for rg_id=40 valtype=modrate: No timecourse data found for rg_id=40 with done_by=['ekc'].
Traceback (most recent call last):
  File "/Volumes/MiniVault/LucksLab Dropbox/LucksLab/Group_Members/EKC/Projects/EKC.01_SHAPE_Standardization/Experiments/01.065.refactoring_data_analysis/nerd/pipeline/tasks/timecourse.py", line 185, in consume_outputs
    series, rg_meta = self._load_rg_dataset(
                      ^^^^^^^^^^^^^^^^^^^^^^
  File "/Volumes/MiniVault/LucksLab Dropbox/LucksLab/Group_Members/EKC/Projects/EKC.01_SHAPE_Standardization/Experiments/01.065.refactoring_data_analysis/nerd/pipeline/tasks/timecourse.py", line 434, in _load_rg_dataset
    raise ValueError(f"No timecourse data found for rg_id={rg_id} with done_by={done_by_values}.")
ValueError: No timecourse data found for rg_id=40 with done_by=['ekc'].
2025-10-21 06:32:58,373 - nerd.pipeline.tasks.timecourse - ERROR - Failed to load timecourse data for rg_id=40 valtype=GAmodrate: No timecourse data found for rg_id=40 with done_by=['ekc'].
Traceback (most recent call last):
  File "/Volumes/MiniVault/LucksLab Dropbox/LucksLab/Group_Members/EKC/Projects/EKC.01_SHAPE_Standardization/Experiments/01.065.refactoring_data_analysis/nerd/pipeline/tasks/timecourse.py", line 185, in consume_outputs
    series, rg_meta = self._load_rg_dataset(
                      ^^^^^^^^^^^^^^^^^^^^^^
  File "/Volumes/MiniVault/LucksLab Dropbox/LucksLab/Group_Members/EKC/Projects/EKC.01_SHAPE_Standardization/Experiments/01.065.refactoring_data_analysis/nerd/pipeline/tasks/timecourse.py", line 434, in _load_rg_dataset
    raise ValueError(f"No timecourse data found for rg_id={rg_id} with done_by={done_by_values}.")
ValueError: No timecourse data found for rg_id=40 with done_by=['ekc'].
2025-10-21 06:32:58,396 - nerd.pipeline.tasks.timecourse - WARNING - No series loaded for rg_id=40 across valtypes ['modrate', 'GAmodrate']; skipping.
2025-10-21 06:32:58,402 - nerd.pipeline.tasks.timecourse - ERROR - Failed to load timecourse data for rg_id=41 valtype=modrate: No timecourse data found for rg_id=41 with done_by=['ekc'].
Traceback (most recent call last):
  File "/Volumes/MiniVault/LucksLab Dropbox/LucksLab/Group_Members/EKC/Projects/EKC.01_SHAPE_Standardization/Experiments/01.065.refactoring_data_analysis/nerd/pipeline/tasks/timecourse.py", line 185, in consume_outputs
    series, rg_meta = self._load_rg_dataset(
                      ^^^^^^^^^^^^^^^^^^^^^^
  File "/Volumes/MiniVault/LucksLab Dropbox/LucksLab/Group_Members/EKC/Projects/EKC.01_SHAPE_Standardization/Experiments/01.065.refactoring_data_analysis/nerd/pipeline/tasks/timecourse.py", line 434, in _load_rg_dataset
    raise ValueError(f"No timecourse data found for rg_id={rg_id} with done_by={done_by_values}.")
ValueError: No timecourse data found for rg_id=41 with done_by=['ekc'].
2025-10-21 06:32:58,430 - nerd.pipeline.tasks.timecourse - ERROR - Failed to load timecourse data for rg_id=41 valtype=GAmodrate: No timecourse data found for rg_id=41 with done_by=['ekc'].
Traceback (most recent call last):
  File "/Volumes/MiniVault/LucksLab Dropbox/LucksLab/Group_Members/EKC/Projects/EKC.01_SHAPE_Standardization/Experiments/01.065.refactoring_data_analysis/nerd/pipeline/tasks/timecourse.py", line 185, in consume_outputs
    series, rg_meta = self._load_rg_dataset(
                      ^^^^^^^^^^^^^^^^^^^^^^
  File "/Volumes/MiniVault/LucksLab Dropbox/LucksLab/Group_Members/EKC/Projects/EKC.01_SHAPE_Standardization/Experiments/01.065.refactoring_data_analysis/nerd/pipeline/tasks/timecourse.py", line 434, in _load_rg_dataset
    raise ValueError(f"No timecourse data found for rg_id={rg_id} with done_by={done_by_values}.")
ValueError: No timecourse data found for rg_id=41 with done_by=['ekc'].
2025-10-21 06:32:58,452 - nerd.pipeline.tasks.timecourse - WARNING - No series loaded for rg_id=41 across valtypes ['modrate', 'GAmodrate']; skipping.
2025-10-21 06:33:01,079 - nerd.pipeline.tasks.timecourse - ERROR - Failed to load timecourse data for rg_id=71 valtype=modrate: No nucleotides met inclusion criteria for rg_id=71.
Traceback (most recent call last):
  File "/Volumes/MiniVault/LucksLab Dropbox/LucksLab/Group_Members/EKC/Projects/EKC.01_SHAPE_Standardization/Experiments/01.065.refactoring_data_analysis/nerd/pipeline/tasks/timecourse.py", line 185, in consume_outputs
    series, rg_meta = self._load_rg_dataset(
                      ^^^^^^^^^^^^^^^^^^^^^^
  File "/Volumes/MiniVault/LucksLab Dropbox/LucksLab/Group_Members/EKC/Projects/EKC.01_SHAPE_Standardization/Experiments/01.065.refactoring_data_analysis/nerd/pipeline/tasks/timecourse.py", line 530, in _load_rg_dataset
    raise ValueError(f"No nucleotides met inclusion criteria for rg_id={rg_id}.")
ValueError: No nucleotides met inclusion criteria for rg_id=71.
2025-10-21 06:33:01,110 - nerd.pipeline.tasks.timecourse - ERROR - Failed to load timecourse data for rg_id=71 valtype=GAmodrate: No nucleotides met inclusion criteria for rg_id=71.
Traceback (most recent call last):
  File "/Volumes/MiniVault/LucksLab Dropbox/LucksLab/Group_Members/EKC/Projects/EKC.01_SHAPE_Standardization/Experiments/01.065.refactoring_data_analysis/nerd/pipeline/tasks/timecourse.py", line 185, in consume_outputs
    series, rg_meta = self._load_rg_dataset(
                      ^^^^^^^^^^^^^^^^^^^^^^
  File "/Volumes/MiniVault/LucksLab Dropbox/LucksLab/Group_Members/EKC/Projects/EKC.01_SHAPE_Standardization/Experiments/01.065.refactoring_data_analysis/nerd/pipeline/tasks/timecourse.py", line 530, in _load_rg_dataset
    raise ValueError(f"No nucleotides met inclusion criteria for rg_id={rg_id}.")
ValueError: No nucleotides met inclusion criteria for rg_id=71.
2025-10-21 06:33:01,137 - nerd.pipeline.tasks.timecourse - WARNING - No series loaded for rg_id=71 across valtypes ['modrate', 'GAmodrate']; skipping.
2025-10-21 06:33:01,752 - nerd.db.api - INFO - Finished task ID 156 with state 'completed'
2025-10-21 06:33:01,752 - nerd.pipeline.tasks.base - INFO - Task 'probe_timecourse' (ID: 156) completed successfully.
2025-10-21 06:33:01,753 - nerd.utils.paths - INFO - Updated 'latest' symlink for task 'probe_timecourse' to point to /Volumes/MiniVault/LucksLab Dropbox/LucksLab/Group_Members/EKC/Projects/EKC.01_SHAPE_Standardization/Experiments/01.065.refactoring_data_analysis/manuscript_pipeline/04_probe_tc_kinetics/probe_timecourse/probe_timecourse___cfg-113e11d
