2025-10-21 07:17:52,760 - nerd.db.api - INFO - Database schema initialized successfully.
2025-10-21 07:17:52,761 - nerd.utils.paths - INFO - Created run directory: manuscript_pipeline/04_probe_tc_kinetics/probe_timecourse/probe_timecourse___cfg-d7e7fe3
2025-10-21 07:17:52,761 - nerd.pipeline.tasks.base - INFO - Executing task 'probe_timecourse' in run directory: manuscript_pipeline/04_probe_tc_kinetics/probe_timecourse/probe_timecourse___cfg-d7e7fe3
2025-10-21 07:17:52,762 - nerd.db.api - INFO - Began task 'probe_timecourse' (ID: 192) for rg:7 (cfg=d7e7fe32b9b2b8786bdf5d0c6b76d5a34a568dc04dca5c465b2f93f211f3f1f6)
2025-10-21 07:17:52,762 - nerd.pipeline.tasks.base - INFO - Command completed successfully. Consuming outputs.
2025-10-21 07:17:52,771 - nerd.pipeline.tasks.timecourse - ERROR - Failed to load timecourse data for rg_id=7 valtype=modrate: No timecourse data found for rg_id=7 with done_by=['ekc'].
Traceback (most recent call last):
  File "/Volumes/MiniVault/LucksLab Dropbox/LucksLab/Group_Members/EKC/Projects/EKC.01_SHAPE_Standardization/Experiments/01.065.refactoring_data_analysis/nerd/pipeline/tasks/timecourse.py", line 185, in consume_outputs
    series, rg_meta = self._load_rg_dataset(
                      ^^^^^^^^^^^^^^^^^^^^^^
  File "/Volumes/MiniVault/LucksLab Dropbox/LucksLab/Group_Members/EKC/Projects/EKC.01_SHAPE_Standardization/Experiments/01.065.refactoring_data_analysis/nerd/pipeline/tasks/timecourse.py", line 434, in _load_rg_dataset
    raise ValueError(f"No timecourse data found for rg_id={rg_id} with done_by={done_by_values}.")
ValueError: No timecourse data found for rg_id=7 with done_by=['ekc'].
2025-10-21 07:17:52,812 - nerd.pipeline.tasks.timecourse - ERROR - Failed to load timecourse data for rg_id=7 valtype=GAmodrate: No timecourse data found for rg_id=7 with done_by=['ekc'].
Traceback (most recent call last):
  File "/Volumes/MiniVault/LucksLab Dropbox/LucksLab/Group_Members/EKC/Projects/EKC.01_SHAPE_Standardization/Experiments/01.065.refactoring_data_analysis/nerd/pipeline/tasks/timecourse.py", line 185, in consume_outputs
    series, rg_meta = self._load_rg_dataset(
                      ^^^^^^^^^^^^^^^^^^^^^^
  File "/Volumes/MiniVault/LucksLab Dropbox/LucksLab/Group_Members/EKC/Projects/EKC.01_SHAPE_Standardization/Experiments/01.065.refactoring_data_analysis/nerd/pipeline/tasks/timecourse.py", line 434, in _load_rg_dataset
    raise ValueError(f"No timecourse data found for rg_id={rg_id} with done_by={done_by_values}.")
ValueError: No timecourse data found for rg_id=7 with done_by=['ekc'].
2025-10-21 07:17:52,835 - nerd.pipeline.tasks.timecourse - WARNING - No series loaded for rg_id=7 across valtypes ['modrate', 'GAmodrate']; skipping.
2025-10-21 07:17:52,835 - nerd.db.api - INFO - Finished task ID 192 with state 'completed'
2025-10-21 07:17:52,835 - nerd.pipeline.tasks.base - INFO - Task 'probe_timecourse' (ID: 192) completed successfully.
2025-10-21 07:17:52,836 - nerd.utils.paths - INFO - Updated 'latest' symlink for task 'probe_timecourse' to point to /Volumes/MiniVault/LucksLab Dropbox/LucksLab/Group_Members/EKC/Projects/EKC.01_SHAPE_Standardization/Experiments/01.065.refactoring_data_analysis/manuscript_pipeline/04_probe_tc_kinetics/probe_timecourse/probe_timecourse___cfg-d7e7fe3
