2025-10-22 13:25:48,246 - nerd.db.api - INFO - Database schema initialized successfully.
2025-10-22 13:25:48,247 - nerd.utils.paths - INFO - Created run directory: manuscript_pipeline/04_probe_tc_kinetics/probe_timecourse/probe_timecourse___cfg-c6a0481
2025-10-22 13:25:48,247 - nerd.pipeline.tasks.base - INFO - Executing task 'probe_timecourse' in run directory: manuscript_pipeline/04_probe_tc_kinetics/probe_timecourse/probe_timecourse___cfg-c6a0481
2025-10-22 13:25:48,248 - nerd.db.api - INFO - Began task 'probe_timecourse' (ID: 235) for rg_batch:None (cfg=c6a04816d9156e0833a00a01b6fe2c76ac8bf06b0ebc23dbbd5c4dd806c39201)
2025-10-22 13:25:48,249 - nerd.pipeline.tasks.base - INFO - Command completed successfully. Consuming outputs.
2025-10-22 13:25:48,864 - nerd.pipeline.tasks.timecourse - ERROR - Failed to load timecourse data for rg_id=86 valtype=modrate: No nucleotides met inclusion criteria for rg_id=86.
Traceback (most recent call last):
  File "/Volumes/MiniVault/LucksLab Dropbox/LucksLab/Group_Members/EKC/Projects/EKC.01_SHAPE_Standardization/Experiments/01.065.refactoring_data_analysis/nerd/pipeline/tasks/timecourse.py", line 199, in consume_outputs
    series, rg_meta = self._load_rg_dataset(
                      ^^^^^^^^^^^^^^^^^^^^^^
  File "/Volumes/MiniVault/LucksLab Dropbox/LucksLab/Group_Members/EKC/Projects/EKC.01_SHAPE_Standardization/Experiments/01.065.refactoring_data_analysis/nerd/pipeline/tasks/timecourse.py", line 580, in _load_rg_dataset
    raise ValueError(f"No nucleotides met inclusion criteria for rg_id={rg_id}.")
ValueError: No nucleotides met inclusion criteria for rg_id=86.
2025-10-22 13:25:48,915 - nerd.pipeline.tasks.timecourse - ERROR - Failed to load timecourse data for rg_id=86 valtype=GAmodrate: No nucleotides met inclusion criteria for rg_id=86.
Traceback (most recent call last):
  File "/Volumes/MiniVault/LucksLab Dropbox/LucksLab/Group_Members/EKC/Projects/EKC.01_SHAPE_Standardization/Experiments/01.065.refactoring_data_analysis/nerd/pipeline/tasks/timecourse.py", line 199, in consume_outputs
    series, rg_meta = self._load_rg_dataset(
                      ^^^^^^^^^^^^^^^^^^^^^^
  File "/Volumes/MiniVault/LucksLab Dropbox/LucksLab/Group_Members/EKC/Projects/EKC.01_SHAPE_Standardization/Experiments/01.065.refactoring_data_analysis/nerd/pipeline/tasks/timecourse.py", line 580, in _load_rg_dataset
    raise ValueError(f"No nucleotides met inclusion criteria for rg_id={rg_id}.")
ValueError: No nucleotides met inclusion criteria for rg_id=86.
2025-10-22 13:25:48,943 - nerd.pipeline.tasks.timecourse - WARNING - No series loaded for rg_id=86 across valtypes ['modrate', 'GAmodrate']; skipping.
2025-10-22 13:25:49,750 - nerd.db.api - INFO - Finished task ID 235 with state 'completed'
2025-10-22 13:25:49,750 - nerd.pipeline.tasks.base - INFO - Task 'probe_timecourse' (ID: 235) completed successfully.
2025-10-22 13:25:49,751 - nerd.utils.paths - INFO - Updated 'latest' symlink for task 'probe_timecourse' to point to /Volumes/MiniVault/LucksLab Dropbox/LucksLab/Group_Members/EKC/Projects/EKC.01_SHAPE_Standardization/Experiments/01.065.refactoring_data_analysis/manuscript_pipeline/04_probe_tc_kinetics/probe_timecourse/probe_timecourse___cfg-c6a0481
