2025-10-16 13:49:48,920 - nerd.db.api - INFO - Database schema initialized successfully.
2025-10-16 13:49:48,921 - nerd.utils.paths - INFO - Created run directory: manuscript_pipeline/04_probe_tc_kinetics/probe_timecourse/probe_timecourse___cfg-907e772
2025-10-16 13:49:48,921 - nerd.pipeline.tasks.base - INFO - Executing task 'probe_timecourse' in run directory: manuscript_pipeline/04_probe_tc_kinetics/probe_timecourse/probe_timecourse___cfg-907e772
2025-10-16 13:49:48,922 - nerd.db.api - INFO - Began task 'probe_timecourse' (ID: 152) for rg_batch:None (cfg=907e772126d72595ca0b5a3637e0096b06326eb7118693faad91ec555bd23ae6)
2025-10-16 13:49:48,923 - nerd.pipeline.tasks.base - INFO - Command completed successfully. Consuming outputs.
2025-10-16 13:49:49,526 - nerd.db.api - ERROR - Failed to record probe_tc_fit_run for fit_kind=round1_free, rg_id=11, nt_id=None, valtype=None: table probe_tc_fit_runs has no column named valtype
Traceback (most recent call last):
  File "/Users/edricchoi/LucksLab Dropbox/LucksLab/Group_Members/EKC/Projects/EKC.01_SHAPE_Standardization/Experiments/01.065.refactoring_data_analysis/nerd/db/api.py", line 830, in begin_probe_tc_fit_run
    return _run_with_retry(conn, _op, "begin_probe_tc_fit_run")
  File "/Users/edricchoi/LucksLab Dropbox/LucksLab/Group_Members/EKC/Projects/EKC.01_SHAPE_Standardization/Experiments/01.065.refactoring_data_analysis/nerd/db/api.py", line 1805, in _run_with_retry
    return operation()
  File "/Users/edricchoi/LucksLab Dropbox/LucksLab/Group_Members/EKC/Projects/EKC.01_SHAPE_Standardization/Experiments/01.065.refactoring_data_analysis/nerd/db/api.py", line 826, in _op
    cursor = conn.execute(sql, (fit_kind, fmod_run_id, rg_id, nt_id, valtype, model))
sqlite3.OperationalError: table probe_tc_fit_runs has no column named valtype
2025-10-16 13:49:49,634 - nerd.db.api - ERROR - Failed to delete probe_tc_fit_runs for fit_kind=round1_free, rg_id=11, nt_id=390, valtype=modrate: no such column: valtype
Traceback (most recent call last):
  File "/Users/edricchoi/LucksLab Dropbox/LucksLab/Group_Members/EKC/Projects/EKC.01_SHAPE_Standardization/Experiments/01.065.refactoring_data_analysis/nerd/db/api.py", line 792, in delete_probe_tc_fit_runs
    return _run_with_retry(conn, _op, "delete_probe_tc_fit_runs")
  File "/Users/edricchoi/LucksLab Dropbox/LucksLab/Group_Members/EKC/Projects/EKC.01_SHAPE_Standardization/Experiments/01.065.refactoring_data_analysis/nerd/db/api.py", line 1805, in _run_with_retry
    return operation()
  File "/Users/edricchoi/LucksLab Dropbox/LucksLab/Group_Members/EKC/Projects/EKC.01_SHAPE_Standardization/Experiments/01.065.refactoring_data_analysis/nerd/db/api.py", line 788, in _op
    cursor = conn.execute(sql, params)
sqlite3.OperationalError: no such column: valtype
2025-10-16 13:49:49,773 - nerd.db.api - ERROR - Failed to record probe_tc_fit_run for fit_kind=round1_free, rg_id=11, nt_id=390, valtype=modrate: table probe_tc_fit_runs has no column named valtype
Traceback (most recent call last):
  File "/Users/edricchoi/LucksLab Dropbox/LucksLab/Group_Members/EKC/Projects/EKC.01_SHAPE_Standardization/Experiments/01.065.refactoring_data_analysis/nerd/db/api.py", line 830, in begin_probe_tc_fit_run
    return _run_with_retry(conn, _op, "begin_probe_tc_fit_run")
  File "/Users/edricchoi/LucksLab Dropbox/LucksLab/Group_Members/EKC/Projects/EKC.01_SHAPE_Standardization/Experiments/01.065.refactoring_data_analysis/nerd/db/api.py", line 1805, in _run_with_retry
    return operation()
  File "/Users/edricchoi/LucksLab Dropbox/LucksLab/Group_Members/EKC/Projects/EKC.01_SHAPE_Standardization/Experiments/01.065.refactoring_data_analysis/nerd/db/api.py", line 826, in _op
    cursor = conn.execute(sql, (fit_kind, fmod_run_id, rg_id, nt_id, valtype, model))
sqlite3.OperationalError: table probe_tc_fit_runs has no column named valtype
2025-10-16 13:49:49,867 - nerd.db.api - ERROR - Failed to delete probe_tc_fit_runs for fit_kind=round1_free, rg_id=11, nt_id=391, valtype=modrate: no such column: valtype
Traceback (most recent call last):
  File "/Users/edricchoi/LucksLab Dropbox/LucksLab/Group_Members/EKC/Projects/EKC.01_SHAPE_Standardization/Experiments/01.065.refactoring_data_analysis/nerd/db/api.py", line 792, in delete_probe_tc_fit_runs
    return _run_with_retry(conn, _op, "delete_probe_tc_fit_runs")
  File "/Users/edricchoi/LucksLab Dropbox/LucksLab/Group_Members/EKC/Projects/EKC.01_SHAPE_Standardization/Experiments/01.065.refactoring_data_analysis/nerd/db/api.py", line 1805, in _run_with_retry
    return operation()
  File "/Users/edricchoi/LucksLab Dropbox/LucksLab/Group_Members/EKC/Projects/EKC.01_SHAPE_Standardization/Experiments/01.065.refactoring_data_analysis/nerd/db/api.py", line 788, in _op
    cursor = conn.execute(sql, params)
sqlite3.OperationalError: no such column: valtype
2025-10-16 13:49:49,959 - nerd.db.api - ERROR - Failed to record probe_tc_fit_run for fit_kind=round1_free, rg_id=11, nt_id=391, valtype=modrate: table probe_tc_fit_runs has no column named valtype
Traceback (most recent call last):
  File "/Users/edricchoi/LucksLab Dropbox/LucksLab/Group_Members/EKC/Projects/EKC.01_SHAPE_Standardization/Experiments/01.065.refactoring_data_analysis/nerd/db/api.py", line 830, in begin_probe_tc_fit_run
    return _run_with_retry(conn, _op, "begin_probe_tc_fit_run")
  File "/Users/edricchoi/LucksLab Dropbox/LucksLab/Group_Members/EKC/Projects/EKC.01_SHAPE_Standardization/Experiments/01.065.refactoring_data_analysis/nerd/db/api.py", line 1805, in _run_with_retry
    return operation()
  File "/Users/edricchoi/LucksLab Dropbox/LucksLab/Group_Members/EKC/Projects/EKC.01_SHAPE_Standardization/Experiments/01.065.refactoring_data_analysis/nerd/db/api.py", line 826, in _op
    cursor = conn.execute(sql, (fit_kind, fmod_run_id, rg_id, nt_id, valtype, model))
sqlite3.OperationalError: table probe_tc_fit_runs has no column named valtype
2025-10-16 13:49:50,053 - nerd.db.api - ERROR - Failed to delete probe_tc_fit_runs for fit_kind=round1_free, rg_id=11, nt_id=392, valtype=modrate: no such column: valtype
Traceback (most recent call last):
  File "/Users/edricchoi/LucksLab Dropbox/LucksLab/Group_Members/EKC/Projects/EKC.01_SHAPE_Standardization/Experiments/01.065.refactoring_data_analysis/nerd/db/api.py", line 792, in delete_probe_tc_fit_runs
    return _run_with_retry(conn, _op, "delete_probe_tc_fit_runs")
  File "/Users/edricchoi/LucksLab Dropbox/LucksLab/Group_Members/EKC/Projects/EKC.01_SHAPE_Standardization/Experiments/01.065.refactoring_data_analysis/nerd/db/api.py", line 1805, in _run_with_retry
    return operation()
  File "/Users/edricchoi/LucksLab Dropbox/LucksLab/Group_Members/EKC/Projects/EKC.01_SHAPE_Standardization/Experiments/01.065.refactoring_data_analysis/nerd/db/api.py", line 788, in _op
    cursor = conn.execute(sql, params)
sqlite3.OperationalError: no such column: valtype
2025-10-16 13:49:50,146 - nerd.db.api - ERROR - Failed to record probe_tc_fit_run for fit_kind=round1_free, rg_id=11, nt_id=392, valtype=modrate: table probe_tc_fit_runs has no column named valtype
Traceback (most recent call last):
  File "/Users/edricchoi/LucksLab Dropbox/LucksLab/Group_Members/EKC/Projects/EKC.01_SHAPE_Standardization/Experiments/01.065.refactoring_data_analysis/nerd/db/api.py", line 830, in begin_probe_tc_fit_run
    return _run_with_retry(conn, _op, "begin_probe_tc_fit_run")
  File "/Users/edricchoi/LucksLab Dropbox/LucksLab/Group_Members/EKC/Projects/EKC.01_SHAPE_Standardization/Experiments/01.065.refactoring_data_analysis/nerd/db/api.py", line 1805, in _run_with_retry
    return operation()
  File "/Users/edricchoi/LucksLab Dropbox/LucksLab/Group_Members/EKC/Projects/EKC.01_SHAPE_Standardization/Experiments/01.065.refactoring_data_analysis/nerd/db/api.py", line 826, in _op
    cursor = conn.execute(sql, (fit_kind, fmod_run_id, rg_id, nt_id, valtype, model))
sqlite3.OperationalError: table probe_tc_fit_runs has no column named valtype
2025-10-16 13:49:50,241 - nerd.db.api - ERROR - Failed to delete probe_tc_fit_runs for fit_kind=round1_free, rg_id=11, nt_id=393, valtype=modrate: no such column: valtype
Traceback (most recent call last):
  File "/Users/edricchoi/LucksLab Dropbox/LucksLab/Group_Members/EKC/Projects/EKC.01_SHAPE_Standardization/Experiments/01.065.refactoring_data_analysis/nerd/db/api.py", line 792, in delete_probe_tc_fit_runs
    return _run_with_retry(conn, _op, "delete_probe_tc_fit_runs")
  File "/Users/edricchoi/LucksLab Dropbox/LucksLab/Group_Members/EKC/Projects/EKC.01_SHAPE_Standardization/Experiments/01.065.refactoring_data_analysis/nerd/db/api.py", line 1805, in _run_with_retry
    return operation()
  File "/Users/edricchoi/LucksLab Dropbox/LucksLab/Group_Members/EKC/Projects/EKC.01_SHAPE_Standardization/Experiments/01.065.refactoring_data_analysis/nerd/db/api.py", line 788, in _op
    cursor = conn.execute(sql, params)
sqlite3.OperationalError: no such column: valtype
2025-10-16 13:49:50,333 - nerd.db.api - ERROR - Failed to record probe_tc_fit_run for fit_kind=round1_free, rg_id=11, nt_id=393, valtype=modrate: table probe_tc_fit_runs has no column named valtype
Traceback (most recent call last):
  File "/Users/edricchoi/LucksLab Dropbox/LucksLab/Group_Members/EKC/Projects/EKC.01_SHAPE_Standardization/Experiments/01.065.refactoring_data_analysis/nerd/db/api.py", line 830, in begin_probe_tc_fit_run
    return _run_with_retry(conn, _op, "begin_probe_tc_fit_run")
  File "/Users/edricchoi/LucksLab Dropbox/LucksLab/Group_Members/EKC/Projects/EKC.01_SHAPE_Standardization/Experiments/01.065.refactoring_data_analysis/nerd/db/api.py", line 1805, in _run_with_retry
    return operation()
  File "/Users/edricchoi/LucksLab Dropbox/LucksLab/Group_Members/EKC/Projects/EKC.01_SHAPE_Standardization/Experiments/01.065.refactoring_data_analysis/nerd/db/api.py", line 826, in _op
    cursor = conn.execute(sql, (fit_kind, fmod_run_id, rg_id, nt_id, valtype, model))
sqlite3.OperationalError: table probe_tc_fit_runs has no column named valtype
2025-10-16 13:49:50,445 - nerd.db.api - ERROR - Failed to delete probe_tc_fit_runs for fit_kind=round1_free, rg_id=11, nt_id=394, valtype=modrate: no such column: valtype
Traceback (most recent call last):
  File "/Users/edricchoi/LucksLab Dropbox/LucksLab/Group_Members/EKC/Projects/EKC.01_SHAPE_Standardization/Experiments/01.065.refactoring_data_analysis/nerd/db/api.py", line 792, in delete_probe_tc_fit_runs
    return _run_with_retry(conn, _op, "delete_probe_tc_fit_runs")
  File "/Users/edricchoi/LucksLab Dropbox/LucksLab/Group_Members/EKC/Projects/EKC.01_SHAPE_Standardization/Experiments/01.065.refactoring_data_analysis/nerd/db/api.py", line 1805, in _run_with_retry
    return operation()
  File "/Users/edricchoi/LucksLab Dropbox/LucksLab/Group_Members/EKC/Projects/EKC.01_SHAPE_Standardization/Experiments/01.065.refactoring_data_analysis/nerd/db/api.py", line 788, in _op
    cursor = conn.execute(sql, params)
sqlite3.OperationalError: no such column: valtype
2025-10-16 13:49:50,538 - nerd.db.api - ERROR - Failed to record probe_tc_fit_run for fit_kind=round1_free, rg_id=11, nt_id=394, valtype=modrate: table probe_tc_fit_runs has no column named valtype
Traceback (most recent call last):
  File "/Users/edricchoi/LucksLab Dropbox/LucksLab/Group_Members/EKC/Projects/EKC.01_SHAPE_Standardization/Experiments/01.065.refactoring_data_analysis/nerd/db/api.py", line 830, in begin_probe_tc_fit_run
    return _run_with_retry(conn, _op, "begin_probe_tc_fit_run")
  File "/Users/edricchoi/LucksLab Dropbox/LucksLab/Group_Members/EKC/Projects/EKC.01_SHAPE_Standardization/Experiments/01.065.refactoring_data_analysis/nerd/db/api.py", line 1805, in _run_with_retry
    return operation()
  File "/Users/edricchoi/LucksLab Dropbox/LucksLab/Group_Members/EKC/Projects/EKC.01_SHAPE_Standardization/Experiments/01.065.refactoring_data_analysis/nerd/db/api.py", line 826, in _op
    cursor = conn.execute(sql, (fit_kind, fmod_run_id, rg_id, nt_id, valtype, model))
sqlite3.OperationalError: table probe_tc_fit_runs has no column named valtype
2025-10-16 13:49:50,633 - nerd.db.api - ERROR - Failed to delete probe_tc_fit_runs for fit_kind=round1_free, rg_id=11, nt_id=395, valtype=modrate: no such column: valtype
Traceback (most recent call last):
  File "/Users/edricchoi/LucksLab Dropbox/LucksLab/Group_Members/EKC/Projects/EKC.01_SHAPE_Standardization/Experiments/01.065.refactoring_data_analysis/nerd/db/api.py", line 792, in delete_probe_tc_fit_runs
    return _run_with_retry(conn, _op, "delete_probe_tc_fit_runs")
  File "/Users/edricchoi/LucksLab Dropbox/LucksLab/Group_Members/EKC/Projects/EKC.01_SHAPE_Standardization/Experiments/01.065.refactoring_data_analysis/nerd/db/api.py", line 1805, in _run_with_retry
    return operation()
  File "/Users/edricchoi/LucksLab Dropbox/LucksLab/Group_Members/EKC/Projects/EKC.01_SHAPE_Standardization/Experiments/01.065.refactoring_data_analysis/nerd/db/api.py", line 788, in _op
    cursor = conn.execute(sql, params)
sqlite3.OperationalError: no such column: valtype
2025-10-16 13:49:50,729 - nerd.db.api - ERROR - Failed to record probe_tc_fit_run for fit_kind=round1_free, rg_id=11, nt_id=395, valtype=modrate: table probe_tc_fit_runs has no column named valtype
Traceback (most recent call last):
  File "/Users/edricchoi/LucksLab Dropbox/LucksLab/Group_Members/EKC/Projects/EKC.01_SHAPE_Standardization/Experiments/01.065.refactoring_data_analysis/nerd/db/api.py", line 830, in begin_probe_tc_fit_run
    return _run_with_retry(conn, _op, "begin_probe_tc_fit_run")
  File "/Users/edricchoi/LucksLab Dropbox/LucksLab/Group_Members/EKC/Projects/EKC.01_SHAPE_Standardization/Experiments/01.065.refactoring_data_analysis/nerd/db/api.py", line 1805, in _run_with_retry
    return operation()
  File "/Users/edricchoi/LucksLab Dropbox/LucksLab/Group_Members/EKC/Projects/EKC.01_SHAPE_Standardization/Experiments/01.065.refactoring_data_analysis/nerd/db/api.py", line 826, in _op
    cursor = conn.execute(sql, (fit_kind, fmod_run_id, rg_id, nt_id, valtype, model))
sqlite3.OperationalError: table probe_tc_fit_runs has no column named valtype
2025-10-16 13:49:50,823 - nerd.db.api - ERROR - Failed to delete probe_tc_fit_runs for fit_kind=round1_free, rg_id=11, nt_id=396, valtype=modrate: no such column: valtype
Traceback (most recent call last):
  File "/Users/edricchoi/LucksLab Dropbox/LucksLab/Group_Members/EKC/Projects/EKC.01_SHAPE_Standardization/Experiments/01.065.refactoring_data_analysis/nerd/db/api.py", line 792, in delete_probe_tc_fit_runs
    return _run_with_retry(conn, _op, "delete_probe_tc_fit_runs")
  File "/Users/edricchoi/LucksLab Dropbox/LucksLab/Group_Members/EKC/Projects/EKC.01_SHAPE_Standardization/Experiments/01.065.refactoring_data_analysis/nerd/db/api.py", line 1805, in _run_with_retry
    return operation()
  File "/Users/edricchoi/LucksLab Dropbox/LucksLab/Group_Members/EKC/Projects/EKC.01_SHAPE_Standardization/Experiments/01.065.refactoring_data_analysis/nerd/db/api.py", line 788, in _op
    cursor = conn.execute(sql, params)
sqlite3.OperationalError: no such column: valtype
2025-10-16 13:49:50,916 - nerd.db.api - ERROR - Failed to record probe_tc_fit_run for fit_kind=round1_free, rg_id=11, nt_id=396, valtype=modrate: table probe_tc_fit_runs has no column named valtype
Traceback (most recent call last):
  File "/Users/edricchoi/LucksLab Dropbox/LucksLab/Group_Members/EKC/Projects/EKC.01_SHAPE_Standardization/Experiments/01.065.refactoring_data_analysis/nerd/db/api.py", line 830, in begin_probe_tc_fit_run
    return _run_with_retry(conn, _op, "begin_probe_tc_fit_run")
  File "/Users/edricchoi/LucksLab Dropbox/LucksLab/Group_Members/EKC/Projects/EKC.01_SHAPE_Standardization/Experiments/01.065.refactoring_data_analysis/nerd/db/api.py", line 1805, in _run_with_retry
    return operation()
  File "/Users/edricchoi/LucksLab Dropbox/LucksLab/Group_Members/EKC/Projects/EKC.01_SHAPE_Standardization/Experiments/01.065.refactoring_data_analysis/nerd/db/api.py", line 826, in _op
    cursor = conn.execute(sql, (fit_kind, fmod_run_id, rg_id, nt_id, valtype, model))
sqlite3.OperationalError: table probe_tc_fit_runs has no column named valtype
2025-10-16 13:49:51,011 - nerd.db.api - ERROR - Failed to delete probe_tc_fit_runs for fit_kind=round1_free, rg_id=11, nt_id=397, valtype=modrate: no such column: valtype
Traceback (most recent call last):
  File "/Users/edricchoi/LucksLab Dropbox/LucksLab/Group_Members/EKC/Projects/EKC.01_SHAPE_Standardization/Experiments/01.065.refactoring_data_analysis/nerd/db/api.py", line 792, in delete_probe_tc_fit_runs
    return _run_with_retry(conn, _op, "delete_probe_tc_fit_runs")
  File "/Users/edricchoi/LucksLab Dropbox/LucksLab/Group_Members/EKC/Projects/EKC.01_SHAPE_Standardization/Experiments/01.065.refactoring_data_analysis/nerd/db/api.py", line 1805, in _run_with_retry
    return operation()
  File "/Users/edricchoi/LucksLab Dropbox/LucksLab/Group_Members/EKC/Projects/EKC.01_SHAPE_Standardization/Experiments/01.065.refactoring_data_analysis/nerd/db/api.py", line 788, in _op
    cursor = conn.execute(sql, params)
sqlite3.OperationalError: no such column: valtype
2025-10-16 13:49:51,103 - nerd.db.api - ERROR - Failed to record probe_tc_fit_run for fit_kind=round1_free, rg_id=11, nt_id=397, valtype=modrate: table probe_tc_fit_runs has no column named valtype
Traceback (most recent call last):
  File "/Users/edricchoi/LucksLab Dropbox/LucksLab/Group_Members/EKC/Projects/EKC.01_SHAPE_Standardization/Experiments/01.065.refactoring_data_analysis/nerd/db/api.py", line 830, in begin_probe_tc_fit_run
    return _run_with_retry(conn, _op, "begin_probe_tc_fit_run")
  File "/Users/edricchoi/LucksLab Dropbox/LucksLab/Group_Members/EKC/Projects/EKC.01_SHAPE_Standardization/Experiments/01.065.refactoring_data_analysis/nerd/db/api.py", line 1805, in _run_with_retry
    return operation()
  File "/Users/edricchoi/LucksLab Dropbox/LucksLab/Group_Members/EKC/Projects/EKC.01_SHAPE_Standardization/Experiments/01.065.refactoring_data_analysis/nerd/db/api.py", line 826, in _op
    cursor = conn.execute(sql, (fit_kind, fmod_run_id, rg_id, nt_id, valtype, model))
sqlite3.OperationalError: table probe_tc_fit_runs has no column named valtype
2025-10-16 13:49:51,198 - nerd.db.api - ERROR - Failed to delete probe_tc_fit_runs for fit_kind=round1_free, rg_id=11, nt_id=398, valtype=modrate: no such column: valtype
Traceback (most recent call last):
  File "/Users/edricchoi/LucksLab Dropbox/LucksLab/Group_Members/EKC/Projects/EKC.01_SHAPE_Standardization/Experiments/01.065.refactoring_data_analysis/nerd/db/api.py", line 792, in delete_probe_tc_fit_runs
    return _run_with_retry(conn, _op, "delete_probe_tc_fit_runs")
  File "/Users/edricchoi/LucksLab Dropbox/LucksLab/Group_Members/EKC/Projects/EKC.01_SHAPE_Standardization/Experiments/01.065.refactoring_data_analysis/nerd/db/api.py", line 1805, in _run_with_retry
    return operation()
  File "/Users/edricchoi/LucksLab Dropbox/LucksLab/Group_Members/EKC/Projects/EKC.01_SHAPE_Standardization/Experiments/01.065.refactoring_data_analysis/nerd/db/api.py", line 788, in _op
    cursor = conn.execute(sql, params)
sqlite3.OperationalError: no such column: valtype
2025-10-16 13:49:51,291 - nerd.db.api - ERROR - Failed to record probe_tc_fit_run for fit_kind=round1_free, rg_id=11, nt_id=398, valtype=modrate: table probe_tc_fit_runs has no column named valtype
Traceback (most recent call last):
  File "/Users/edricchoi/LucksLab Dropbox/LucksLab/Group_Members/EKC/Projects/EKC.01_SHAPE_Standardization/Experiments/01.065.refactoring_data_analysis/nerd/db/api.py", line 830, in begin_probe_tc_fit_run
    return _run_with_retry(conn, _op, "begin_probe_tc_fit_run")
  File "/Users/edricchoi/LucksLab Dropbox/LucksLab/Group_Members/EKC/Projects/EKC.01_SHAPE_Standardization/Experiments/01.065.refactoring_data_analysis/nerd/db/api.py", line 1805, in _run_with_retry
    return operation()
  File "/Users/edricchoi/LucksLab Dropbox/LucksLab/Group_Members/EKC/Projects/EKC.01_SHAPE_Standardization/Experiments/01.065.refactoring_data_analysis/nerd/db/api.py", line 826, in _op
    cursor = conn.execute(sql, (fit_kind, fmod_run_id, rg_id, nt_id, valtype, model))
sqlite3.OperationalError: table probe_tc_fit_runs has no column named valtype
2025-10-16 13:49:51,400 - nerd.db.api - ERROR - Failed to delete probe_tc_fit_runs for fit_kind=round1_free, rg_id=11, nt_id=399, valtype=modrate: no such column: valtype
Traceback (most recent call last):
  File "/Users/edricchoi/LucksLab Dropbox/LucksLab/Group_Members/EKC/Projects/EKC.01_SHAPE_Standardization/Experiments/01.065.refactoring_data_analysis/nerd/db/api.py", line 792, in delete_probe_tc_fit_runs
    return _run_with_retry(conn, _op, "delete_probe_tc_fit_runs")
  File "/Users/edricchoi/LucksLab Dropbox/LucksLab/Group_Members/EKC/Projects/EKC.01_SHAPE_Standardization/Experiments/01.065.refactoring_data_analysis/nerd/db/api.py", line 1805, in _run_with_retry
    return operation()
  File "/Users/edricchoi/LucksLab Dropbox/LucksLab/Group_Members/EKC/Projects/EKC.01_SHAPE_Standardization/Experiments/01.065.refactoring_data_analysis/nerd/db/api.py", line 788, in _op
    cursor = conn.execute(sql, params)
sqlite3.OperationalError: no such column: valtype
2025-10-16 13:49:51,493 - nerd.db.api - ERROR - Failed to record probe_tc_fit_run for fit_kind=round1_free, rg_id=11, nt_id=399, valtype=modrate: table probe_tc_fit_runs has no column named valtype
Traceback (most recent call last):
  File "/Users/edricchoi/LucksLab Dropbox/LucksLab/Group_Members/EKC/Projects/EKC.01_SHAPE_Standardization/Experiments/01.065.refactoring_data_analysis/nerd/db/api.py", line 830, in begin_probe_tc_fit_run
    return _run_with_retry(conn, _op, "begin_probe_tc_fit_run")
  File "/Users/edricchoi/LucksLab Dropbox/LucksLab/Group_Members/EKC/Projects/EKC.01_SHAPE_Standardization/Experiments/01.065.refactoring_data_analysis/nerd/db/api.py", line 1805, in _run_with_retry
    return operation()
  File "/Users/edricchoi/LucksLab Dropbox/LucksLab/Group_Members/EKC/Projects/EKC.01_SHAPE_Standardization/Experiments/01.065.refactoring_data_analysis/nerd/db/api.py", line 826, in _op
    cursor = conn.execute(sql, (fit_kind, fmod_run_id, rg_id, nt_id, valtype, model))
sqlite3.OperationalError: table probe_tc_fit_runs has no column named valtype
2025-10-16 13:49:51,588 - nerd.db.api - ERROR - Failed to delete probe_tc_fit_runs for fit_kind=round1_free, rg_id=11, nt_id=400, valtype=modrate: no such column: valtype
Traceback (most recent call last):
  File "/Users/edricchoi/LucksLab Dropbox/LucksLab/Group_Members/EKC/Projects/EKC.01_SHAPE_Standardization/Experiments/01.065.refactoring_data_analysis/nerd/db/api.py", line 792, in delete_probe_tc_fit_runs
    return _run_with_retry(conn, _op, "delete_probe_tc_fit_runs")
  File "/Users/edricchoi/LucksLab Dropbox/LucksLab/Group_Members/EKC/Projects/EKC.01_SHAPE_Standardization/Experiments/01.065.refactoring_data_analysis/nerd/db/api.py", line 1805, in _run_with_retry
    return operation()
  File "/Users/edricchoi/LucksLab Dropbox/LucksLab/Group_Members/EKC/Projects/EKC.01_SHAPE_Standardization/Experiments/01.065.refactoring_data_analysis/nerd/db/api.py", line 788, in _op
    cursor = conn.execute(sql, params)
sqlite3.OperationalError: no such column: valtype
2025-10-16 13:49:51,681 - nerd.db.api - ERROR - Failed to record probe_tc_fit_run for fit_kind=round1_free, rg_id=11, nt_id=400, valtype=modrate: table probe_tc_fit_runs has no column named valtype
Traceback (most recent call last):
  File "/Users/edricchoi/LucksLab Dropbox/LucksLab/Group_Members/EKC/Projects/EKC.01_SHAPE_Standardization/Experiments/01.065.refactoring_data_analysis/nerd/db/api.py", line 830, in begin_probe_tc_fit_run
    return _run_with_retry(conn, _op, "begin_probe_tc_fit_run")
  File "/Users/edricchoi/LucksLab Dropbox/LucksLab/Group_Members/EKC/Projects/EKC.01_SHAPE_Standardization/Experiments/01.065.refactoring_data_analysis/nerd/db/api.py", line 1805, in _run_with_retry
    return operation()
  File "/Users/edricchoi/LucksLab Dropbox/LucksLab/Group_Members/EKC/Projects/EKC.01_SHAPE_Standardization/Experiments/01.065.refactoring_data_analysis/nerd/db/api.py", line 826, in _op
    cursor = conn.execute(sql, (fit_kind, fmod_run_id, rg_id, nt_id, valtype, model))
sqlite3.OperationalError: table probe_tc_fit_runs has no column named valtype
2025-10-16 13:49:51,776 - nerd.db.api - ERROR - Failed to delete probe_tc_fit_runs for fit_kind=round1_free, rg_id=11, nt_id=401, valtype=modrate: no such column: valtype
Traceback (most recent call last):
  File "/Users/edricchoi/LucksLab Dropbox/LucksLab/Group_Members/EKC/Projects/EKC.01_SHAPE_Standardization/Experiments/01.065.refactoring_data_analysis/nerd/db/api.py", line 792, in delete_probe_tc_fit_runs
    return _run_with_retry(conn, _op, "delete_probe_tc_fit_runs")
  File "/Users/edricchoi/LucksLab Dropbox/LucksLab/Group_Members/EKC/Projects/EKC.01_SHAPE_Standardization/Experiments/01.065.refactoring_data_analysis/nerd/db/api.py", line 1805, in _run_with_retry
    return operation()
  File "/Users/edricchoi/LucksLab Dropbox/LucksLab/Group_Members/EKC/Projects/EKC.01_SHAPE_Standardization/Experiments/01.065.refactoring_data_analysis/nerd/db/api.py", line 788, in _op
    cursor = conn.execute(sql, params)
sqlite3.OperationalError: no such column: valtype
2025-10-16 13:49:51,869 - nerd.db.api - ERROR - Failed to record probe_tc_fit_run for fit_kind=round1_free, rg_id=11, nt_id=401, valtype=modrate: table probe_tc_fit_runs has no column named valtype
Traceback (most recent call last):
  File "/Users/edricchoi/LucksLab Dropbox/LucksLab/Group_Members/EKC/Projects/EKC.01_SHAPE_Standardization/Experiments/01.065.refactoring_data_analysis/nerd/db/api.py", line 830, in begin_probe_tc_fit_run
    return _run_with_retry(conn, _op, "begin_probe_tc_fit_run")
  File "/Users/edricchoi/LucksLab Dropbox/LucksLab/Group_Members/EKC/Projects/EKC.01_SHAPE_Standardization/Experiments/01.065.refactoring_data_analysis/nerd/db/api.py", line 1805, in _run_with_retry
    return operation()
  File "/Users/edricchoi/LucksLab Dropbox/LucksLab/Group_Members/EKC/Projects/EKC.01_SHAPE_Standardization/Experiments/01.065.refactoring_data_analysis/nerd/db/api.py", line 826, in _op
    cursor = conn.execute(sql, (fit_kind, fmod_run_id, rg_id, nt_id, valtype, model))
sqlite3.OperationalError: table probe_tc_fit_runs has no column named valtype
2025-10-16 13:49:51,963 - nerd.db.api - ERROR - Failed to delete probe_tc_fit_runs for fit_kind=round1_free, rg_id=11, nt_id=402, valtype=modrate: no such column: valtype
Traceback (most recent call last):
  File "/Users/edricchoi/LucksLab Dropbox/LucksLab/Group_Members/EKC/Projects/EKC.01_SHAPE_Standardization/Experiments/01.065.refactoring_data_analysis/nerd/db/api.py", line 792, in delete_probe_tc_fit_runs
    return _run_with_retry(conn, _op, "delete_probe_tc_fit_runs")
  File "/Users/edricchoi/LucksLab Dropbox/LucksLab/Group_Members/EKC/Projects/EKC.01_SHAPE_Standardization/Experiments/01.065.refactoring_data_analysis/nerd/db/api.py", line 1805, in _run_with_retry
    return operation()
  File "/Users/edricchoi/LucksLab Dropbox/LucksLab/Group_Members/EKC/Projects/EKC.01_SHAPE_Standardization/Experiments/01.065.refactoring_data_analysis/nerd/db/api.py", line 788, in _op
    cursor = conn.execute(sql, params)
sqlite3.OperationalError: no such column: valtype
2025-10-16 13:49:52,057 - nerd.db.api - ERROR - Failed to record probe_tc_fit_run for fit_kind=round1_free, rg_id=11, nt_id=402, valtype=modrate: table probe_tc_fit_runs has no column named valtype
Traceback (most recent call last):
  File "/Users/edricchoi/LucksLab Dropbox/LucksLab/Group_Members/EKC/Projects/EKC.01_SHAPE_Standardization/Experiments/01.065.refactoring_data_analysis/nerd/db/api.py", line 830, in begin_probe_tc_fit_run
    return _run_with_retry(conn, _op, "begin_probe_tc_fit_run")
  File "/Users/edricchoi/LucksLab Dropbox/LucksLab/Group_Members/EKC/Projects/EKC.01_SHAPE_Standardization/Experiments/01.065.refactoring_data_analysis/nerd/db/api.py", line 1805, in _run_with_retry
    return operation()
  File "/Users/edricchoi/LucksLab Dropbox/LucksLab/Group_Members/EKC/Projects/EKC.01_SHAPE_Standardization/Experiments/01.065.refactoring_data_analysis/nerd/db/api.py", line 826, in _op
    cursor = conn.execute(sql, (fit_kind, fmod_run_id, rg_id, nt_id, valtype, model))
sqlite3.OperationalError: table probe_tc_fit_runs has no column named valtype
2025-10-16 13:49:52,151 - nerd.db.api - ERROR - Failed to delete probe_tc_fit_runs for fit_kind=round1_free, rg_id=11, nt_id=403, valtype=modrate: no such column: valtype
Traceback (most recent call last):
  File "/Users/edricchoi/LucksLab Dropbox/LucksLab/Group_Members/EKC/Projects/EKC.01_SHAPE_Standardization/Experiments/01.065.refactoring_data_analysis/nerd/db/api.py", line 792, in delete_probe_tc_fit_runs
    return _run_with_retry(conn, _op, "delete_probe_tc_fit_runs")
  File "/Users/edricchoi/LucksLab Dropbox/LucksLab/Group_Members/EKC/Projects/EKC.01_SHAPE_Standardization/Experiments/01.065.refactoring_data_analysis/nerd/db/api.py", line 1805, in _run_with_retry
    return operation()
  File "/Users/edricchoi/LucksLab Dropbox/LucksLab/Group_Members/EKC/Projects/EKC.01_SHAPE_Standardization/Experiments/01.065.refactoring_data_analysis/nerd/db/api.py", line 788, in _op
    cursor = conn.execute(sql, params)
sqlite3.OperationalError: no such column: valtype
2025-10-16 13:49:52,259 - nerd.db.api - ERROR - Failed to record probe_tc_fit_run for fit_kind=round1_free, rg_id=11, nt_id=403, valtype=modrate: table probe_tc_fit_runs has no column named valtype
Traceback (most recent call last):
  File "/Users/edricchoi/LucksLab Dropbox/LucksLab/Group_Members/EKC/Projects/EKC.01_SHAPE_Standardization/Experiments/01.065.refactoring_data_analysis/nerd/db/api.py", line 830, in begin_probe_tc_fit_run
    return _run_with_retry(conn, _op, "begin_probe_tc_fit_run")
  File "/Users/edricchoi/LucksLab Dropbox/LucksLab/Group_Members/EKC/Projects/EKC.01_SHAPE_Standardization/Experiments/01.065.refactoring_data_analysis/nerd/db/api.py", line 1805, in _run_with_retry
    return operation()
  File "/Users/edricchoi/LucksLab Dropbox/LucksLab/Group_Members/EKC/Projects/EKC.01_SHAPE_Standardization/Experiments/01.065.refactoring_data_analysis/nerd/db/api.py", line 826, in _op
    cursor = conn.execute(sql, (fit_kind, fmod_run_id, rg_id, nt_id, valtype, model))
sqlite3.OperationalError: table probe_tc_fit_runs has no column named valtype
2025-10-16 13:49:52,354 - nerd.db.api - ERROR - Failed to delete probe_tc_fit_runs for fit_kind=round1_free, rg_id=11, nt_id=404, valtype=modrate: no such column: valtype
Traceback (most recent call last):
  File "/Users/edricchoi/LucksLab Dropbox/LucksLab/Group_Members/EKC/Projects/EKC.01_SHAPE_Standardization/Experiments/01.065.refactoring_data_analysis/nerd/db/api.py", line 792, in delete_probe_tc_fit_runs
    return _run_with_retry(conn, _op, "delete_probe_tc_fit_runs")
  File "/Users/edricchoi/LucksLab Dropbox/LucksLab/Group_Members/EKC/Projects/EKC.01_SHAPE_Standardization/Experiments/01.065.refactoring_data_analysis/nerd/db/api.py", line 1805, in _run_with_retry
    return operation()
  File "/Users/edricchoi/LucksLab Dropbox/LucksLab/Group_Members/EKC/Projects/EKC.01_SHAPE_Standardization/Experiments/01.065.refactoring_data_analysis/nerd/db/api.py", line 788, in _op
    cursor = conn.execute(sql, params)
sqlite3.OperationalError: no such column: valtype
2025-10-16 13:49:52,446 - nerd.db.api - ERROR - Failed to record probe_tc_fit_run for fit_kind=round1_free, rg_id=11, nt_id=404, valtype=modrate: table probe_tc_fit_runs has no column named valtype
Traceback (most recent call last):
  File "/Users/edricchoi/LucksLab Dropbox/LucksLab/Group_Members/EKC/Projects/EKC.01_SHAPE_Standardization/Experiments/01.065.refactoring_data_analysis/nerd/db/api.py", line 830, in begin_probe_tc_fit_run
    return _run_with_retry(conn, _op, "begin_probe_tc_fit_run")
  File "/Users/edricchoi/LucksLab Dropbox/LucksLab/Group_Members/EKC/Projects/EKC.01_SHAPE_Standardization/Experiments/01.065.refactoring_data_analysis/nerd/db/api.py", line 1805, in _run_with_retry
    return operation()
  File "/Users/edricchoi/LucksLab Dropbox/LucksLab/Group_Members/EKC/Projects/EKC.01_SHAPE_Standardization/Experiments/01.065.refactoring_data_analysis/nerd/db/api.py", line 826, in _op
    cursor = conn.execute(sql, (fit_kind, fmod_run_id, rg_id, nt_id, valtype, model))
sqlite3.OperationalError: table probe_tc_fit_runs has no column named valtype
2025-10-16 13:49:52,540 - nerd.db.api - ERROR - Failed to delete probe_tc_fit_runs for fit_kind=round1_free, rg_id=11, nt_id=405, valtype=modrate: no such column: valtype
Traceback (most recent call last):
  File "/Users/edricchoi/LucksLab Dropbox/LucksLab/Group_Members/EKC/Projects/EKC.01_SHAPE_Standardization/Experiments/01.065.refactoring_data_analysis/nerd/db/api.py", line 792, in delete_probe_tc_fit_runs
    return _run_with_retry(conn, _op, "delete_probe_tc_fit_runs")
  File "/Users/edricchoi/LucksLab Dropbox/LucksLab/Group_Members/EKC/Projects/EKC.01_SHAPE_Standardization/Experiments/01.065.refactoring_data_analysis/nerd/db/api.py", line 1805, in _run_with_retry
    return operation()
  File "/Users/edricchoi/LucksLab Dropbox/LucksLab/Group_Members/EKC/Projects/EKC.01_SHAPE_Standardization/Experiments/01.065.refactoring_data_analysis/nerd/db/api.py", line 788, in _op
    cursor = conn.execute(sql, params)
sqlite3.OperationalError: no such column: valtype
