2026-01-23 09:55:53,413 - nerd.db.api - INFO - Database schema initialized successfully.
2026-01-23 09:55:53,414 - nerd.utils.paths - INFO - Created run directory: Core_nerd_analysis/05_probe_tc_kinetics/probe_timecourse/probe_timecourse___cfg-a219d9e
2026-01-23 09:55:53,414 - nerd.pipeline.tasks.base - INFO - Executing task 'probe_timecourse' in run directory: Core_nerd_analysis/05_probe_tc_kinetics/probe_timecourse/probe_timecourse___cfg-a219d9e
2026-01-23 09:55:53,415 - nerd.db.api - INFO - Began task 'probe_timecourse' (ID: 556) for rg_batch:None (cfg=a219d9ed975cf26805251d93364ac5eb4eb42aa6679d35e8e2a155742d3bcecb)
2026-01-23 09:55:53,415 - nerd.pipeline.tasks.base - INFO - Command completed successfully. Consuming outputs.
2026-01-23 09:55:54,209 - nerd.pipeline.tasks.timecourse - INFO - Marked 115 fmod values as outliers across 21 reaction group(s).
2026-01-23 09:55:54,216 - nerd.pipeline.tasks.timecourse - ERROR - Failed to load timecourse data for rg_id=2 valtype=modrate: No timecourse data found for rg_id=2 with done_by=['ekc'].
Traceback (most recent call last):
  File "/Volumes/MiniVault/LucksLab Dropbox/LucksLab/Group_Members/EKC/Projects/EKC.01_SHAPE_Standardization/Experiments/01.065.refactoring_data_analysis/nerd/pipeline/tasks/timecourse.py", line 271, in consume_outputs
    series, rg_meta = self._load_rg_dataset(
                      ^^^^^^^^^^^^^^^^^^^^^^
  File "/Volumes/MiniVault/LucksLab Dropbox/LucksLab/Group_Members/EKC/Projects/EKC.01_SHAPE_Standardization/Experiments/01.065.refactoring_data_analysis/nerd/pipeline/tasks/timecourse.py", line 577, in _load_rg_dataset
    raise ValueError(f"No timecourse data found for rg_id={rg_id} with done_by={done_by_values}.")
ValueError: No timecourse data found for rg_id=2 with done_by=['ekc'].
2026-01-23 09:55:54,266 - nerd.pipeline.tasks.timecourse - ERROR - Failed to load timecourse data for rg_id=2 valtype=GAmodrate: No timecourse data found for rg_id=2 with done_by=['ekc'].
Traceback (most recent call last):
  File "/Volumes/MiniVault/LucksLab Dropbox/LucksLab/Group_Members/EKC/Projects/EKC.01_SHAPE_Standardization/Experiments/01.065.refactoring_data_analysis/nerd/pipeline/tasks/timecourse.py", line 271, in consume_outputs
    series, rg_meta = self._load_rg_dataset(
                      ^^^^^^^^^^^^^^^^^^^^^^
  File "/Volumes/MiniVault/LucksLab Dropbox/LucksLab/Group_Members/EKC/Projects/EKC.01_SHAPE_Standardization/Experiments/01.065.refactoring_data_analysis/nerd/pipeline/tasks/timecourse.py", line 577, in _load_rg_dataset
    raise ValueError(f"No timecourse data found for rg_id={rg_id} with done_by={done_by_values}.")
ValueError: No timecourse data found for rg_id=2 with done_by=['ekc'].
2026-01-23 09:55:54,298 - nerd.pipeline.tasks.timecourse - WARNING - No series loaded for rg_id=2 across valtypes ['modrate', 'GAmodrate']; skipping.
2026-01-23 09:56:02,707 - nerd.db.api - INFO - Finished task ID 556 with state 'completed'
2026-01-23 09:56:02,707 - nerd.pipeline.tasks.base - INFO - Task 'probe_timecourse' (ID: 556) completed successfully.
2026-01-23 09:56:02,708 - nerd.utils.paths - INFO - Updated 'latest' symlink for task 'probe_timecourse' to point to /Volumes/MiniVault/LucksLab Dropbox/LucksLab/Group_Members/EKC/Projects/EKC.07.nerd/Choi_PRIME_Chemprobing_2026/Core_nerd_analysis/05_probe_tc_kinetics/probe_timecourse/probe_timecourse___cfg-a219d9e
