2026-01-23 09:56:03,668 - nerd.db.api - INFO - Database schema initialized successfully.
2026-01-23 09:56:03,669 - nerd.utils.paths - INFO - Created run directory: Core_nerd_analysis/05_probe_tc_kinetics/probe_timecourse/probe_timecourse___cfg-fc4afd6
2026-01-23 09:56:03,669 - nerd.pipeline.tasks.base - INFO - Executing task 'probe_timecourse' in run directory: Core_nerd_analysis/05_probe_tc_kinetics/probe_timecourse/probe_timecourse___cfg-fc4afd6
2026-01-23 09:56:03,670 - nerd.db.api - INFO - Began task 'probe_timecourse' (ID: 557) for rg_batch:None (cfg=fc4afd645bfb85c5af75de0b0cfcd19db737007070ad220efb6d301726c058fb)
2026-01-23 09:56:03,670 - nerd.pipeline.tasks.base - INFO - Command completed successfully. Consuming outputs.
2026-01-23 09:56:04,470 - nerd.pipeline.tasks.timecourse - INFO - Marked 115 fmod values as outliers across 21 reaction group(s).
2026-01-23 09:56:04,477 - nerd.pipeline.tasks.timecourse - ERROR - Failed to load timecourse data for rg_id=5 valtype=modrate: No timecourse data found for rg_id=5 with done_by=['ekc'].
Traceback (most recent call last):
  File "/Volumes/MiniVault/LucksLab Dropbox/LucksLab/Group_Members/EKC/Projects/EKC.01_SHAPE_Standardization/Experiments/01.065.refactoring_data_analysis/nerd/pipeline/tasks/timecourse.py", line 271, in consume_outputs
    series, rg_meta = self._load_rg_dataset(
                      ^^^^^^^^^^^^^^^^^^^^^^
  File "/Volumes/MiniVault/LucksLab Dropbox/LucksLab/Group_Members/EKC/Projects/EKC.01_SHAPE_Standardization/Experiments/01.065.refactoring_data_analysis/nerd/pipeline/tasks/timecourse.py", line 577, in _load_rg_dataset
    raise ValueError(f"No timecourse data found for rg_id={rg_id} with done_by={done_by_values}.")
ValueError: No timecourse data found for rg_id=5 with done_by=['ekc'].
2026-01-23 09:56:04,526 - nerd.pipeline.tasks.timecourse - ERROR - Failed to load timecourse data for rg_id=5 valtype=GAmodrate: No timecourse data found for rg_id=5 with done_by=['ekc'].
Traceback (most recent call last):
  File "/Volumes/MiniVault/LucksLab Dropbox/LucksLab/Group_Members/EKC/Projects/EKC.01_SHAPE_Standardization/Experiments/01.065.refactoring_data_analysis/nerd/pipeline/tasks/timecourse.py", line 271, in consume_outputs
    series, rg_meta = self._load_rg_dataset(
                      ^^^^^^^^^^^^^^^^^^^^^^
  File "/Volumes/MiniVault/LucksLab Dropbox/LucksLab/Group_Members/EKC/Projects/EKC.01_SHAPE_Standardization/Experiments/01.065.refactoring_data_analysis/nerd/pipeline/tasks/timecourse.py", line 577, in _load_rg_dataset
    raise ValueError(f"No timecourse data found for rg_id={rg_id} with done_by={done_by_values}.")
ValueError: No timecourse data found for rg_id=5 with done_by=['ekc'].
2026-01-23 09:56:04,556 - nerd.pipeline.tasks.timecourse - WARNING - No series loaded for rg_id=5 across valtypes ['modrate', 'GAmodrate']; skipping.
2026-01-23 09:56:12,701 - nerd.db.api - INFO - Finished task ID 557 with state 'completed'
2026-01-23 09:56:12,702 - nerd.pipeline.tasks.base - INFO - Task 'probe_timecourse' (ID: 557) completed successfully.
2026-01-23 09:56:12,702 - nerd.utils.paths - INFO - Updated 'latest' symlink for task 'probe_timecourse' to point to /Volumes/MiniVault/LucksLab Dropbox/LucksLab/Group_Members/EKC/Projects/EKC.07.nerd/Choi_PRIME_Chemprobing_2026/Core_nerd_analysis/05_probe_tc_kinetics/probe_timecourse/probe_timecourse___cfg-fc4afd6
